Log file open, 10/10/22 21:46:29
LogWindows: Failed to load 'aqProf.dll' (GetLastError=126)
LogWindows: File 'aqProf.dll' does not exist
LogWindows: Failed to load 'VtuneApi.dll' (GetLastError=126)
LogWindows: File 'VtuneApi.dll' does not exist
LogWindows: Failed to load 'VtuneApi32e.dll' (GetLastError=126)
LogWindows: File 'VtuneApi32e.dll' does not exist
LogConsoleResponse: Display: Failed to find resolution value strings in scalability ini. Falling back to default.
LogConsoleResponse: Display: Failed to find resolution value strings in scalability ini. Falling back to default.
LogInit: Display: Running engine for game: MP2
LogPlatformFile: Not using cached read wrapper
LogTaskGraph: Started task graph with 5 named threads and 23 total threads with 3 sets of task threads.
LogStats: Stats thread started at 0.287346
LogICUInternationalization: ICU TimeZone Detection - Raw Offset: -6:00, Platform Override: ''
LogInit: Display: Loading text-based GConfig....
LogPluginManager: Mounting plugin MeshPainting
LogPluginManager: Mounting plugin XGEController
LogPluginManager: Mounting plugin Paper2D
LogPluginManager: Mounting plugin EnvironmentQueryEditor
LogPluginManager: Mounting plugin AISupport
LogPluginManager: Mounting plugin LiveLink
LogPluginManager: Mounting plugin LightPropagationVolume
LogPluginManager: Mounting plugin CameraShakePreviewer
LogPluginManager: Mounting plugin OodleData
LogPluginManager: Mounting plugin OodleNetwork
LogPluginManager: Mounting plugin AnimationSharing
LogPluginManager: Mounting plugin GameplayCameras
LogPluginManager: Mounting plugin CLionSourceCodeAccess
LogPluginManager: Mounting plugin CodeLiteSourceCodeAccess
LogPluginManager: Mounting plugin GitSourceControl
LogPluginManager: Mounting plugin KDevelopSourceCodeAccess
LogPluginManager: Mounting plugin NullSourceCodeAccess
LogPluginManager: Mounting plugin PerforceSourceControl
LogPluginManager: Mounting plugin PixWinPlugin
LogPluginManager: Mounting plugin PluginUtils
LogPluginManager: Mounting plugin PlasticSourceControl
LogPluginManager: Mounting plugin PropertyAccessNode
LogPluginManager: Mounting plugin RiderSourceCodeAccess
LogPluginManager: Mounting plugin SubversionSourceControl
LogPluginManager: Mounting plugin TextureFormatOodle
LogPluginManager: Mounting plugin UObjectPlugin
LogPluginManager: Mounting plugin AssetManagerEditor
LogPluginManager: Mounting plugin VisualStudioSourceCodeAccess
LogPluginManager: Mounting plugin VisualStudioCodeSourceCodeAccess
LogPluginManager: Mounting plugin XCodeSourceCodeAccess
LogPluginManager: Mounting plugin CryptoKeys
LogPluginManager: Mounting plugin AlembicImporter
LogPluginManager: Mounting plugin CurveEditorTools
LogPluginManager: Mounting plugin DataValidation
LogPluginManager: Mounting plugin AutomationUtils
LogPluginManager: Mounting plugin FacialAnimation
LogPluginManager: Mounting plugin BackChannel
LogPluginManager: Mounting plugin GameplayTagsEditor
LogPluginManager: Mounting plugin GeometryMode
LogPluginManager: Mounting plugin MacGraphicsSwitching
LogPluginManager: Mounting plugin ChaosCloth
LogPluginManager: Mounting plugin MaterialAnalyzer
LogPluginManager: Mounting plugin ChaosEditor
LogPluginManager: Mounting plugin ChaosClothEditor
LogPluginManager: Mounting plugin PluginBrowser
LogPluginManager: Mounting plugin MobileLauncherProfileWizard
LogPluginManager: Mounting plugin SpeedTreeImporter
LogPluginManager: Mounting plugin ChaosSolverPlugin
LogPluginManager: Mounting plugin ChaosNiagara
LogPluginManager: Mounting plugin CharacterAI
LogPluginManager: Mounting plugin Niagara
LogPluginManager: Mounting plugin GeometryCache
LogPluginManager: Mounting plugin GeometryCollectionPlugin
LogPluginManager: Mounting plugin GeometryProcessing
LogPluginManager: Mounting plugin MotoSynth
LogPluginManager: Mounting plugin OpenImageDenoise
LogPluginManager: Mounting plugin PlatformCrypto
LogPluginManager: Mounting plugin ProxyLODPlugin
LogPluginManager: Mounting plugin PlanarCut
LogPluginManager: Mounting plugin PythonScriptPlugin
LogPluginManager: Mounting plugin DatasmithContent
LogPluginManager: Mounting plugin VariantManagerContent
LogPluginManager: Mounting plugin SkeletalReduction
LogPluginManager: Mounting plugin LuminPlatformFeatures
LogPluginManager: Mounting plugin MagicLeap
LogPluginManager: Mounting plugin MagicLeapLightEstimation
LogPluginManager: Mounting plugin MagicLeapMedia
LogPluginManager: Mounting plugin MagicLeapPassableWorld
LogPluginManager: Mounting plugin MLSDK
LogPluginManager: Mounting plugin AndroidMedia
LogPluginManager: Mounting plugin AvfMedia
LogPluginManager: Mounting plugin ImgMedia
LogPluginManager: Mounting plugin TcpMessaging
LogPluginManager: Mounting plugin MediaCompositing
LogPluginManager: Mounting plugin UdpMessaging
LogPluginManager: Mounting plugin MediaPlayerEditor
LogPluginManager: Mounting plugin WebMMedia
LogPluginManager: Mounting plugin WmfMedia
LogPluginManager: Mounting plugin ActorSequence
LogPluginManager: Mounting plugin LevelSequenceEditor
LogPluginManager: Mounting plugin MatineeToLevelSequence
LogPluginManager: Mounting plugin TemplateSequence
LogPluginManager: Mounting plugin OnlineSubsystem
LogPluginManager: Mounting plugin OnlineSubsystemNull
LogPluginManager: Mounting plugin LauncherChunkInstaller
LogPluginManager: Mounting plugin ActorLayerUtilities
LogPluginManager: Mounting plugin OnlineSubsystemUtils
LogPluginManager: Mounting plugin AndroidDeviceProfileSelector
LogPluginManager: Mounting plugin AndroidMoviePlayer
LogPluginManager: Mounting plugin AndroidPermission
LogPluginManager: Mounting plugin AppleImageUtils
LogPluginManager: Mounting plugin AppleMoviePlayer
LogPluginManager: Mounting plugin ArchVisCharacter
LogPluginManager: Mounting plugin AssetTags
LogPluginManager: Mounting plugin AudioCapture
LogPluginManager: Mounting plugin AudioSynesthesia
LogPluginManager: Mounting plugin CableComponent
LogPluginManager: Mounting plugin ChunkDownloader
LogPluginManager: Mounting plugin CustomMeshComponent
LogPluginManager: Mounting plugin EditableMesh
LogPluginManager: Mounting plugin ExampleDeviceProfileSelector
LogPluginManager: Mounting plugin GoogleCloudMessaging
LogPluginManager: Mounting plugin GooglePAD
LogPluginManager: Mounting plugin ScreenshotTools
LogPluginManager: Mounting plugin IOSDeviceProfileSelector
LogPluginManager: Mounting plugin LinuxDeviceProfileSelector
LogPluginManager: Mounting plugin LocationServicesBPLibrary
LogPluginManager: Mounting plugin MobilePatchingUtils
LogPluginManager: Mounting plugin OpenXR
LogPluginManager: Mounting plugin OpenXREyeTracker
LogPluginManager: Mounting plugin OpenXRHandTracking
LogPluginManager: Mounting plugin PostSplashScreen
LogPluginManager: Mounting plugin PhysXVehicles
LogPluginManager: Mounting plugin PropertyAccessEditor
LogPluginManager: Mounting plugin ProceduralMeshComponent
LogPluginManager: Mounting plugin SignificanceManager
LogPluginManager: Mounting plugin RuntimePhysXCooking
LogPluginManager: Mounting plugin SoundFields
LogPluginManager: Mounting plugin Synthesis
LogPluginManager: Mounting plugin Takes
LogPluginManager: Mounting plugin WebMMoviePlayer
LogPluginManager: Mounting plugin WindowsMoviePlayer
LogPluginManager: Mounting plugin ContentBrowserAssetDataSource
LogPluginManager: Mounting plugin ContentBrowserClassDataSource
LogPluginManager: Mounting plugin ContentBrowserFileDataSource
LogPluginManager: Mounting plugin OnlineSubsystemGooglePlay
LogPluginManager: Mounting plugin OnlineSubsystemIOS
LogPluginManager: Mounting plugin OculusVR
LogPluginManager: Mounting plugin SteamVR
PixWinPlugin: PIX capture plugin failed to initialize! Check that the process is launched from PIX.
LogInit: Using libcurl 7.55.1-DEV
LogInit:  - built for x86_64-pc-win32
LogInit:  - supports SSL with OpenSSL/1.1.1
LogInit:  - supports HTTP deflate (compression) using libz 1.2.8
LogInit:  - other features:
LogInit:      CURL_VERSION_SSL
LogInit:      CURL_VERSION_LIBZ
LogInit:      CURL_VERSION_IPV6
LogInit:      CURL_VERSION_ASYNCHDNS
LogInit:      CURL_VERSION_LARGEFILE
LogInit:      CURL_VERSION_IDN
LogInit:  CurlRequestOptions (configurable via config and command line):
LogInit:  - bVerifyPeer = true  - Libcurl will verify peer certificate
LogInit:  - bUseHttpProxy = false  - Libcurl will NOT use HTTP proxy
LogInit:  - bDontReuseConnections = false  - Libcurl will reuse connections
LogInit:  - MaxHostConnections = 16  - Libcurl will limit the number of connections to a host
LogInit:  - LocalHostAddr = Default
LogInit:  - BufferSize = 65536
LogOnline: OSS: Creating online subsystem instance for: NULL
LogInit: WinSock: version 1.1 (2.2), MaxSocks=32767, MaxUdp=65467
LogOnline: OSS: TryLoadSubsystemAndSetDefault: Loaded subsystem for module [NULL]
LogOculusPluginWrapper: OculusPlugin initialized successfully
LogHMD: Failed initializing OVRPlugin 1.59.0
LogInit: Build: ++UE4+Release-4.27-CL-18319896
LogInit: Engine Version: 4.27.2-18319896+++UE4+Release-4.27
LogInit: Compatible Engine Version: 4.27.0-17155196+++UE4+Release-4.27
LogInit: Net CL: 17155196
LogInit: OS: Windows 10 (Release 2009) (), CPU: Intel(R) Core(TM) i7-7820HQ CPU @ 2.90GHz, GPU: Intel(R) HD Graphics 630
LogInit: Compiled (64-bit): Nov 30 2021 07:12:08
LogInit: Compiled with Visual C++: 19.24.28315.00
LogInit: Build Configuration: Development
LogInit: Branch Name: ++UE4+Release-4.27
LogInit: Command Line: 
LogInit: Base Directory: C:/Program Files/Epic Games/UE_4.27/Engine/Binaries/Win64/
LogInit: Allocator: TBB
LogInit: Installed Engine Build: 1
LogDevObjectVersion: Number of dev versions registered: 29
LogDevObjectVersion:   Dev-Blueprints (B0D832E4-1F89-4F0D-ACCF-7EB736FD4AA2): 10
LogDevObjectVersion:   Dev-Build (E1C64328-A22C-4D53-A36C-8E866417BD8C): 0
LogDevObjectVersion:   Dev-Core (375EC13C-06E4-48FB-B500-84F0262A717E): 4
LogDevObjectVersion:   Dev-Editor (E4B068ED-F494-42E9-A231-DA0B2E46BB41): 40
LogDevObjectVersion:   Dev-Framework (CFFC743F-43B0-4480-9391-14DF171D2073): 37
LogDevObjectVersion:   Dev-Mobile (B02B49B5-BB20-44E9-A304-32B752E40360): 3
LogDevObjectVersion:   Dev-Networking (A4E4105C-59A1-49B5-A7C5-40C4547EDFEE): 0
LogDevObjectVersion:   Dev-Online (39C831C9-5AE6-47DC-9A44-9C173E1C8E7C): 0
LogDevObjectVersion:   Dev-Physics (78F01B33-EBEA-4F98-B9B4-84EACCB95AA2): 14
LogDevObjectVersion:   Dev-Platform (6631380F-2D4D-43E0-8009-CF276956A95A): 0
LogDevObjectVersion:   Dev-Rendering (12F88B9F-8875-4AFC-A67C-D90C383ABD29): 45
LogDevObjectVersion:   Dev-Sequencer (7B5AE74C-D270-4C10-A958-57980B212A5A): 13
LogDevObjectVersion:   Dev-VR (D7296918-1DD6-4BDD-9DE2-64A83CC13884): 3
LogDevObjectVersion:   Dev-LoadTimes (C2A15278-BFE7-4AFE-6C17-90FF531DF755): 1
LogDevObjectVersion:   Private-Geometry (6EACA3D4-40EC-4CC1-B786-8BED09428FC5): 3
LogDevObjectVersion:   Dev-AnimPhys (29E575DD-E0A3-4627-9D10-D276232CDCEA): 17
LogDevObjectVersion:   Dev-Anim (AF43A65D-7FD3-4947-9873-3E8ED9C1BB05): 15
LogDevObjectVersion:   Dev-ReflectionCapture (6B266CEC-1EC7-4B8F-A30B-E4D90942FC07): 1
LogDevObjectVersion:   Dev-Automation (0DF73D61-A23F-47EA-B727-89E90C41499A): 1
LogDevObjectVersion:   FortniteMain (601D1886-AC64-4F84-AA16-D3DE0DEAC7D6): 47
LogDevObjectVersion:   FortniteRelease (E7086368-6B23-4C58-8439-1B7016265E91): 1
LogDevObjectVersion:   Dev-Enterprise (9DFFBCD6-494F-0158-E221-12823C92A888): 10
LogDevObjectVersion:   Dev-Niagara (F2AED0AC-9AFE-416F-8664-AA7FFA26D6FC): 1
LogDevObjectVersion:   Dev-Destruction (174F1F0B-B4C6-45A5-B13F-2EE8D0FB917D): 10
LogDevObjectVersion:   Dev-Physics-Ext (35F94A83-E258-406C-A318-09F59610247C): 41
LogDevObjectVersion:   Dev-PhysicsMaterial-Chaos (B68FC16E-8B1B-42E2-B453-215C058844FE): 1
LogDevObjectVersion:   Dev-CineCamera (B2E18506-4273-CFC2-A54E-F4BB758BBA07): 1
LogDevObjectVersion:   Dev-VirtualProduction (64F58936-FD1B-42BA-BA96-7289D5D0FA4E): 1
LogDevObjectVersion:   Dev-MediaFramework (6F0ED827-A609-4895-9C91-998D90180EA4): 2
LogInit: Presizing for max 25165824 objects, including 0 objects not considered by GC, pre-allocating 0 bytes for permanent pool.
LogConfig: Applying CVar settings from Section [/Script/Engine.StreamingSettings] File [C:/Users/alvin/Documents/Unreal Projects/MP2/Saved/Config/Windows/Engine.ini]
LogConfig: Setting CVar [[s.MinBulkDataSizeForAsyncLoading:131072]]
LogConfig: Setting CVar [[s.AsyncLoadingThreadEnabled:0]]
LogConfig: Setting CVar [[s.EventDrivenLoaderEnabled:1]]
LogConfig: Setting CVar [[s.WarnIfTimeLimitExceeded:0]]
LogConfig: Setting CVar [[s.TimeLimitExceededMultiplier:1.5]]
LogConfig: Setting CVar [[s.TimeLimitExceededMinTime:0.005]]
LogConfig: Setting CVar [[s.UseBackgroundLevelStreaming:1]]
LogConfig: Setting CVar [[s.PriorityAsyncLoadingExtraTime:15.0]]
LogConfig: Setting CVar [[s.LevelStreamingActorsUpdateTimeLimit:5.0]]
LogConfig: Setting CVar [[s.PriorityLevelStreamingActorsUpdateExtraTime:5.0]]
LogConfig: Setting CVar [[s.LevelStreamingComponentsRegistrationGranularity:10]]
LogConfig: Setting CVar [[s.UnregisterComponentsTimeLimit:1.0]]
LogConfig: Setting CVar [[s.LevelStreamingComponentsUnregistrationGranularity:5]]
LogConfig: Setting CVar [[s.FlushStreamingOnExit:1]]
LogInit: Object subsystem initialized
LogConfig: Setting CVar [[con.DebugEarlyDefault:1]]
LogConfig: Setting CVar [[r.setres:1280x720]]
[2022.10.11-02.46.30:446][  0]LogConfig: Setting CVar [[r.VSync:0]]
[2022.10.11-02.46.30:446][  0]LogConfig: Setting CVar [[r.RHICmdBypass:0]]
[2022.10.11-02.46.30:446][  0]LogConfig: Applying CVar settings from Section [/Script/Engine.RendererSettings] File [C:/Users/alvin/Documents/Unreal Projects/MP2/Saved/Config/Windows/Engine.ini]
[2022.10.11-02.46.30:446][  0]LogConfig: Setting CVar [[r.GPUCrashDebugging:0]]
[2022.10.11-02.46.30:446][  0]LogConfig: Applying CVar settings from Section [/Script/Engine.RendererOverrideSettings] File [C:/Users/alvin/Documents/Unreal Projects/MP2/Saved/Config/Windows/Engine.ini]
[2022.10.11-02.46.30:446][  0]LogConfig: Applying CVar settings from Section [/Script/Engine.StreamingSettings] File [C:/Users/alvin/Documents/Unreal Projects/MP2/Saved/Config/Windows/Engine.ini]
[2022.10.11-02.46.30:446][  0]LogConfig: Setting CVar [[s.MinBulkDataSizeForAsyncLoading:131072]]
[2022.10.11-02.46.30:446][  0]LogConfig: Setting CVar [[s.AsyncLoadingThreadEnabled:0]]
[2022.10.11-02.46.30:446][  0]LogConfig: Setting CVar [[s.EventDrivenLoaderEnabled:1]]
[2022.10.11-02.46.30:446][  0]LogConfig: Setting CVar [[s.WarnIfTimeLimitExceeded:0]]
[2022.10.11-02.46.30:446][  0]LogConfig: Setting CVar [[s.TimeLimitExceededMultiplier:1.5]]
[2022.10.11-02.46.30:446][  0]LogConfig: Setting CVar [[s.TimeLimitExceededMinTime:0.005]]
[2022.10.11-02.46.30:446][  0]LogConfig: Setting CVar [[s.UseBackgroundLevelStreaming:1]]
[2022.10.11-02.46.30:446][  0]LogConfig: Setting CVar [[s.PriorityAsyncLoadingExtraTime:15.0]]
[2022.10.11-02.46.30:446][  0]LogConfig: Setting CVar [[s.LevelStreamingActorsUpdateTimeLimit:5.0]]
[2022.10.11-02.46.30:446][  0]LogConfig: Setting CVar [[s.PriorityLevelStreamingActorsUpdateExtraTime:5.0]]
[2022.10.11-02.46.30:446][  0]LogConfig: Setting CVar [[s.LevelStreamingComponentsRegistrationGranularity:10]]
[2022.10.11-02.46.30:446][  0]LogConfig: Setting CVar [[s.UnregisterComponentsTimeLimit:1.0]]
[2022.10.11-02.46.30:446][  0]LogConfig: Setting CVar [[s.LevelStreamingComponentsUnregistrationGranularity:5]]
[2022.10.11-02.46.30:446][  0]LogConfig: Setting CVar [[s.FlushStreamingOnExit:1]]
[2022.10.11-02.46.30:447][  0]LogConfig: Applying CVar settings from Section [/Script/Engine.GarbageCollectionSettings] File [C:/Users/alvin/Documents/Unreal Projects/MP2/Saved/Config/Windows/Engine.ini]
[2022.10.11-02.46.30:447][  0]LogConfig: Setting CVar [[gc.MaxObjectsNotConsideredByGC:1]]
[2022.10.11-02.46.30:447][  0]LogConfig: Setting CVar [[gc.SizeOfPermanentObjectPool:0]]
[2022.10.11-02.46.30:447][  0]LogConfig: Setting CVar [[gc.FlushStreamingOnGC:0]]
[2022.10.11-02.46.30:447][  0]LogConfig: Setting CVar [[gc.NumRetriesBeforeForcingGC:10]]
[2022.10.11-02.46.30:447][  0]LogConfig: Setting CVar [[gc.AllowParallelGC:1]]
[2022.10.11-02.46.30:447][  0]LogConfig: Setting CVar [[gc.TimeBetweenPurgingPendingKillObjects:61.1]]
[2022.10.11-02.46.30:447][  0]LogConfig: Setting CVar [[gc.MaxObjectsInEditor:25165824]]
[2022.10.11-02.46.30:447][  0]LogConfig: Setting CVar [[gc.IncrementalBeginDestroyEnabled:1]]
[2022.10.11-02.46.30:447][  0]LogConfig: Setting CVar [[gc.CreateGCClusters:1]]
[2022.10.11-02.46.30:447][  0]LogConfig: Setting CVar [[gc.MinGCClusterSize:5]]
[2022.10.11-02.46.30:447][  0]LogConfig: Setting CVar [[gc.ActorClusteringEnabled:0]]
[2022.10.11-02.46.30:447][  0]LogConfig: Setting CVar [[gc.BlueprintClusteringEnabled:0]]
[2022.10.11-02.46.30:447][  0]LogConfig: Setting CVar [[gc.UseDisregardForGCOnDedicatedServers:0]]
[2022.10.11-02.46.30:447][  0]LogConfig: Setting CVar [[gc.MultithreadedDestructionEnabled:1]]
[2022.10.11-02.46.30:447][  0]LogConfig: Applying CVar settings from Section [/Script/Engine.NetworkSettings] File [C:/Users/alvin/Documents/Unreal Projects/MP2/Saved/Config/Windows/Engine.ini]
[2022.10.11-02.46.30:447][  0]LogConfig: Applying CVar settings from Section [/Script/UnrealEd.CookerSettings] File [C:/Users/alvin/Documents/Unreal Projects/MP2/Saved/Config/Windows/Engine.ini]
[2022.10.11-02.46.30:455][  0]LogConfig: Applying CVar settings from Section [ViewDistanceQuality@3] File [C:/Users/alvin/Documents/Unreal Projects/MP2/Saved/Config/Windows/Scalability.ini]
[2022.10.11-02.46.30:455][  0]LogConfig: Setting CVar [[r.SkeletalMeshLODBias:0]]
[2022.10.11-02.46.30:455][  0]LogConfig: Setting CVar [[r.ViewDistanceScale:1.0]]
[2022.10.11-02.46.30:455][  0]LogConfig: Applying CVar settings from Section [AntiAliasingQuality@3] File [C:/Users/alvin/Documents/Unreal Projects/MP2/Saved/Config/Windows/Scalability.ini]
[2022.10.11-02.46.30:455][  0]LogConfig: Setting CVar [[r.PostProcessAAQuality:4]]
[2022.10.11-02.46.30:455][  0]LogConfig: Applying CVar settings from Section [ShadowQuality@3] File [C:/Users/alvin/Documents/Unreal Projects/MP2/Saved/Config/Windows/Scalability.ini]
[2022.10.11-02.46.30:455][  0]LogConfig: Setting CVar [[r.LightFunctionQuality:1]]
[2022.10.11-02.46.30:455][  0]LogConfig: Setting CVar [[r.ShadowQuality:5]]
[2022.10.11-02.46.30:455][  0]LogConfig: Setting CVar [[r.Shadow.CSM.MaxCascades:10]]
[2022.10.11-02.46.30:456][  0]LogConfig: Setting CVar [[r.Shadow.MaxResolution:2048]]
[2022.10.11-02.46.30:456][  0]LogConfig: Setting CVar [[r.Shadow.MaxCSMResolution:2048]]
[2022.10.11-02.46.30:456][  0]LogConfig: Setting CVar [[r.Shadow.RadiusThreshold:0.01]]
[2022.10.11-02.46.30:456][  0]LogConfig: Setting CVar [[r.Shadow.DistanceScale:1.0]]
[2022.10.11-02.46.30:456][  0]LogConfig: Setting CVar [[r.Shadow.CSM.TransitionScale:1.0]]
[2022.10.11-02.46.30:456][  0]LogConfig: Setting CVar [[r.Shadow.PreShadowResolutionFactor:1.0]]
[2022.10.11-02.46.30:456][  0]LogConfig: Setting CVar [[r.DistanceFieldShadowing:1]]
[2022.10.11-02.46.30:456][  0]LogConfig: Setting CVar [[r.DistanceFieldAO:1]]
[2022.10.11-02.46.30:456][  0]LogConfig: Setting CVar [[r.AOQuality:2]]
[2022.10.11-02.46.30:456][  0]LogConfig: Setting CVar [[r.VolumetricFog:1]]
[2022.10.11-02.46.30:456][  0]LogConfig: Setting CVar [[r.VolumetricFog.GridPixelSize:8]]
[2022.10.11-02.46.30:456][  0]LogConfig: Setting CVar [[r.VolumetricFog.GridSizeZ:128]]
[2022.10.11-02.46.30:456][  0]LogConfig: Setting CVar [[r.VolumetricFog.HistoryMissSupersampleCount:4]]
[2022.10.11-02.46.30:456][  0]LogConfig: Setting CVar [[r.LightMaxDrawDistanceScale:1]]
[2022.10.11-02.46.30:456][  0]LogConfig: Setting CVar [[r.CapsuleShadows:1]]
[2022.10.11-02.46.30:456][  0]LogConfig: Applying CVar settings from Section [PostProcessQuality@3] File [C:/Users/alvin/Documents/Unreal Projects/MP2/Saved/Config/Windows/Scalability.ini]
[2022.10.11-02.46.30:456][  0]LogConfig: Setting CVar [[r.MotionBlurQuality:4]]
[2022.10.11-02.46.30:456][  0]LogConfig: Setting CVar [[r.AmbientOcclusionMipLevelFactor:0.4]]
[2022.10.11-02.46.30:456][  0]LogConfig: Setting CVar [[r.AmbientOcclusionMaxQuality:100]]
[2022.10.11-02.46.30:456][  0]LogConfig: Setting CVar [[r.AmbientOcclusionLevels:-1]]
[2022.10.11-02.46.30:456][  0]LogConfig: Setting CVar [[r.AmbientOcclusionRadiusScale:1.0]]
[2022.10.11-02.46.30:456][  0]LogConfig: Setting CVar [[r.DepthOfFieldQuality:2]]
[2022.10.11-02.46.30:456][  0]LogConfig: Setting CVar [[r.RenderTargetPoolMin:400]]
[2022.10.11-02.46.30:456][  0]LogConfig: Setting CVar [[r.LensFlareQuality:2]]
[2022.10.11-02.46.30:456][  0]LogConfig: Setting CVar [[r.SceneColorFringeQuality:1]]
[2022.10.11-02.46.30:456][  0]LogConfig: Setting CVar [[r.EyeAdaptationQuality:2]]
[2022.10.11-02.46.30:456][  0]LogConfig: Setting CVar [[r.BloomQuality:5]]
[2022.10.11-02.46.30:456][  0]LogConfig: Setting CVar [[r.FastBlurThreshold:100]]
[2022.10.11-02.46.30:456][  0]LogConfig: Setting CVar [[r.Upscale.Quality:3]]
[2022.10.11-02.46.30:456][  0]LogConfig: Setting CVar [[r.Tonemapper.GrainQuantization:1]]
[2022.10.11-02.46.30:456][  0]LogConfig: Setting CVar [[r.LightShaftQuality:1]]
[2022.10.11-02.46.30:456][  0]LogConfig: Setting CVar [[r.Filter.SizeScale:1]]
[2022.10.11-02.46.30:456][  0]LogConfig: Setting CVar [[r.Tonemapper.Quality:5]]
[2022.10.11-02.46.30:456][  0]LogConfig: Setting CVar [[r.DOF.Gather.AccumulatorQuality:1        ; higher gathering accumulator quality]]
[2022.10.11-02.46.30:456][  0]LogConfig: Setting CVar [[r.DOF.Gather.PostfilterMethod:1          ; Median3x3 postfilering method]]
[2022.10.11-02.46.30:456][  0]LogConfig: Setting CVar [[r.DOF.Gather.EnableBokehSettings:0       ; no bokeh simulation when gathering]]
[2022.10.11-02.46.30:456][  0]LogConfig: Setting CVar [[r.DOF.Gather.RingCount:4                 ; medium number of samples when gathering]]
[2022.10.11-02.46.30:456][  0]LogConfig: Setting CVar [[r.DOF.Scatter.ForegroundCompositing:1    ; additive foreground scattering]]
[2022.10.11-02.46.30:456][  0]LogConfig: Setting CVar [[r.DOF.Scatter.BackgroundCompositing:2    ; additive background scattering]]
[2022.10.11-02.46.30:456][  0]LogConfig: Setting CVar [[r.DOF.Scatter.EnableBokehSettings:1      ; bokeh simulation when scattering]]
[2022.10.11-02.46.30:456][  0]LogConfig: Setting CVar [[r.DOF.Scatter.MaxSpriteRatio:0.1         ; only a maximum of 10% of scattered bokeh]]
[2022.10.11-02.46.30:456][  0]LogConfig: Setting CVar [[r.DOF.Recombine.Quality:1                ; cheap slight out of focus]]
[2022.10.11-02.46.30:456][  0]LogConfig: Setting CVar [[r.DOF.Recombine.EnableBokehSettings:0    ; no bokeh simulation on slight out of focus]]
[2022.10.11-02.46.30:456][  0]LogConfig: Setting CVar [[r.DOF.TemporalAAQuality:1                ; more stable temporal accumulation]]
[2022.10.11-02.46.30:456][  0]LogConfig: Setting CVar [[r.DOF.Kernel.MaxForegroundRadius:0.025]]
[2022.10.11-02.46.30:456][  0]LogConfig: Setting CVar [[r.DOF.Kernel.MaxBackgroundRadius:0.025]]
[2022.10.11-02.46.30:456][  0]LogConfig: Applying CVar settings from Section [TextureQuality@3] File [C:/Users/alvin/Documents/Unreal Projects/MP2/Saved/Config/Windows/Scalability.ini]
[2022.10.11-02.46.30:456][  0]LogConfig: Setting CVar [[r.Streaming.MipBias:0]]
[2022.10.11-02.46.30:456][  0]LogConfig: Setting CVar [[r.Streaming.AmortizeCPUToGPUCopy:0]]
[2022.10.11-02.46.30:456][  0]LogConfig: Setting CVar [[r.Streaming.MaxNumTexturesToStreamPerFrame:0]]
[2022.10.11-02.46.30:456][  0]LogConfig: Setting CVar [[r.Streaming.Boost:1]]
[2022.10.11-02.46.30:456][  0]LogConfig: Setting CVar [[r.MaxAnisotropy:8]]
[2022.10.11-02.46.30:456][  0]LogConfig: Setting CVar [[r.VT.MaxAnisotropy:8]]
[2022.10.11-02.46.30:456][  0]LogConfig: Setting CVar [[r.Streaming.LimitPoolSizeToVRAM:0]]
[2022.10.11-02.46.30:456][  0]LogConfig: Setting CVar [[r.Streaming.PoolSize:1000]]
[2022.10.11-02.46.30:456][  0]LogConfig: Setting CVar [[r.Streaming.MaxEffectiveScreenSize:0]]
[2022.10.11-02.46.30:456][  0]LogConfig: Applying CVar settings from Section [EffectsQuality@3] File [C:/Users/alvin/Documents/Unreal Projects/MP2/Saved/Config/Windows/Scalability.ini]
[2022.10.11-02.46.30:456][  0]LogConfig: Setting CVar [[r.TranslucencyLightingVolumeDim:64]]
[2022.10.11-02.46.30:456][  0]LogConfig: Setting CVar [[r.RefractionQuality:2]]
[2022.10.11-02.46.30:456][  0]LogConfig: Setting CVar [[r.SSR.Quality:3]]
[2022.10.11-02.46.30:456][  0]LogConfig: Setting CVar [[r.SSR.HalfResSceneColor:0]]
[2022.10.11-02.46.30:456][  0]LogConfig: Setting CVar [[r.SceneColorFormat:4]]
[2022.10.11-02.46.30:456][  0]LogConfig: Setting CVar [[r.DetailMode:2]]
[2022.10.11-02.46.30:456][  0]LogConfig: Setting CVar [[r.TranslucencyVolumeBlur:1]]
[2022.10.11-02.46.30:456][  0]LogConfig: Setting CVar [[r.MaterialQualityLevel:1 ; High quality]]
[2022.10.11-02.46.30:456][  0]LogConfig: Setting CVar [[r.AnisotropicMaterials:1]]
[2022.10.11-02.46.30:456][  0]LogConfig: Setting CVar [[r.SSS.Scale:1]]
[2022.10.11-02.46.30:456][  0]LogConfig: Setting CVar [[r.SSS.SampleSet:2]]
[2022.10.11-02.46.30:456][  0]LogConfig: Setting CVar [[r.SSS.Quality:1]]
[2022.10.11-02.46.30:456][  0]LogConfig: Setting CVar [[r.SSS.HalfRes:0]]
[2022.10.11-02.46.30:456][  0]LogConfig: Setting CVar [[r.SSGI.Quality:3]]
[2022.10.11-02.46.30:456][  0]LogConfig: Setting CVar [[r.EmitterSpawnRateScale:1.0]]
[2022.10.11-02.46.30:456][  0]LogConfig: Setting CVar [[r.ParticleLightQuality:2]]
[2022.10.11-02.46.30:456][  0]LogConfig: Setting CVar [[r.SkyAtmosphere.AerialPerspectiveLUT.FastApplyOnOpaque:1 ; Always have FastSkyLUT 1 in this case to avoid wrong sky]]
[2022.10.11-02.46.30:456][  0]LogConfig: Setting CVar [[r.SkyAtmosphere.AerialPerspectiveLUT.SampleCountMaxPerSlice:4]]
[2022.10.11-02.46.30:456][  0]LogConfig: Setting CVar [[r.SkyAtmosphere.AerialPerspectiveLUT.DepthResolution:16.0]]
[2022.10.11-02.46.30:456][  0]LogConfig: Setting CVar [[r.SkyAtmosphere.FastSkyLUT:1]]
[2022.10.11-02.46.30:456][  0]LogConfig: Setting CVar [[r.SkyAtmosphere.FastSkyLUT.SampleCountMin:4.0]]
[2022.10.11-02.46.30:456][  0]LogConfig: Setting CVar [[r.SkyAtmosphere.FastSkyLUT.SampleCountMax:128.0]]
[2022.10.11-02.46.30:456][  0]LogConfig: Setting CVar [[r.SkyAtmosphere.SampleCountMin:4.0]]
[2022.10.11-02.46.30:456][  0]LogConfig: Setting CVar [[r.SkyAtmosphere.SampleCountMax:128.0]]
[2022.10.11-02.46.30:456][  0]LogConfig: Setting CVar [[r.SkyAtmosphere.TransmittanceLUT.UseSmallFormat:0]]
[2022.10.11-02.46.30:456][  0]LogConfig: Setting CVar [[r.SkyAtmosphere.TransmittanceLUT.SampleCount:10.0]]
[2022.10.11-02.46.30:456][  0]LogConfig: Setting CVar [[r.SkyAtmosphere.MultiScatteringLUT.SampleCount:15.0]]
[2022.10.11-02.46.30:456][  0]LogConfig: Setting CVar [[r.SkyLight.RealTimeReflectionCapture:1]]
[2022.10.11-02.46.30:456][  0]LogConfig: Applying CVar settings from Section [FoliageQuality@3] File [C:/Users/alvin/Documents/Unreal Projects/MP2/Saved/Config/Windows/Scalability.ini]
[2022.10.11-02.46.30:456][  0]LogConfig: Setting CVar [[foliage.DensityScale:1.0]]
[2022.10.11-02.46.30:457][  0]LogConfig: Setting CVar [[grass.DensityScale:1.0]]
[2022.10.11-02.46.30:457][  0]LogConfig: Applying CVar settings from Section [ShadingQuality@3] File [C:/Users/alvin/Documents/Unreal Projects/MP2/Saved/Config/Windows/Scalability.ini]
[2022.10.11-02.46.30:457][  0]LogConfig: Setting CVar [[r.HairStrands.SkyLighting.IntegrationType:2]]
[2022.10.11-02.46.30:457][  0]LogConfig: Setting CVar [[r.HairStrands.SkyAO.SampleCount:4]]
[2022.10.11-02.46.30:457][  0]LogConfig: Setting CVar [[r.HairStrands.Visibility.MSAA.SamplePerPixel:4]]
[2022.10.11-02.46.30:457][  0]LogInit: Selected Device Profile: [Windows]
[2022.10.11-02.46.30:457][  0]LogInit: Applying CVar settings loaded from the selected device profile: [Windows]
[2022.10.11-02.46.30:457][  0]LogHAL: Display: Platform has ~ 32 GB [34203627520 / 34359738368 / 32], which maps to Largest [LargestMinGB=32, LargerMinGB=12, DefaultMinGB=8, SmallerMinGB=6, SmallestMinGB=0)
[2022.10.11-02.46.30:457][  0]LogInit: Going up to parent DeviceProfile []
[2022.10.11-02.46.30:457][  0]LogConfig: Applying CVar settings from Section [ViewDistanceQuality@3] File [C:/Users/alvin/Documents/Unreal Projects/MP2/Saved/Config/Windows/Scalability.ini]
[2022.10.11-02.46.30:457][  0]LogConfig: Setting CVar [[r.SkeletalMeshLODBias:0]]
[2022.10.11-02.46.30:457][  0]LogConfig: Setting CVar [[r.ViewDistanceScale:1.0]]
[2022.10.11-02.46.30:457][  0]LogConfig: Applying CVar settings from Section [AntiAliasingQuality@3] File [C:/Users/alvin/Documents/Unreal Projects/MP2/Saved/Config/Windows/Scalability.ini]
[2022.10.11-02.46.30:457][  0]LogConfig: Setting CVar [[r.PostProcessAAQuality:4]]
[2022.10.11-02.46.30:457][  0]LogConfig: Applying CVar settings from Section [ShadowQuality@3] File [C:/Users/alvin/Documents/Unreal Projects/MP2/Saved/Config/Windows/Scalability.ini]
[2022.10.11-02.46.30:457][  0]LogConfig: Setting CVar [[r.LightFunctionQuality:1]]
[2022.10.11-02.46.30:457][  0]LogConfig: Setting CVar [[r.ShadowQuality:5]]
[2022.10.11-02.46.30:457][  0]LogConfig: Setting CVar [[r.Shadow.CSM.MaxCascades:10]]
[2022.10.11-02.46.30:457][  0]LogConfig: Setting CVar [[r.Shadow.MaxResolution:2048]]
[2022.10.11-02.46.30:457][  0]LogConfig: Setting CVar [[r.Shadow.MaxCSMResolution:2048]]
[2022.10.11-02.46.30:457][  0]LogConfig: Setting CVar [[r.Shadow.RadiusThreshold:0.01]]
[2022.10.11-02.46.30:457][  0]LogConfig: Setting CVar [[r.Shadow.DistanceScale:1.0]]
[2022.10.11-02.46.30:457][  0]LogConfig: Setting CVar [[r.Shadow.CSM.TransitionScale:1.0]]
[2022.10.11-02.46.30:457][  0]LogConfig: Setting CVar [[r.Shadow.PreShadowResolutionFactor:1.0]]
[2022.10.11-02.46.30:457][  0]LogConfig: Setting CVar [[r.DistanceFieldShadowing:1]]
[2022.10.11-02.46.30:457][  0]LogConfig: Setting CVar [[r.DistanceFieldAO:1]]
[2022.10.11-02.46.30:457][  0]LogConfig: Setting CVar [[r.AOQuality:2]]
[2022.10.11-02.46.30:457][  0]LogConfig: Setting CVar [[r.VolumetricFog:1]]
[2022.10.11-02.46.30:457][  0]LogConfig: Setting CVar [[r.VolumetricFog.GridPixelSize:8]]
[2022.10.11-02.46.30:457][  0]LogConfig: Setting CVar [[r.VolumetricFog.GridSizeZ:128]]
[2022.10.11-02.46.30:457][  0]LogConfig: Setting CVar [[r.VolumetricFog.HistoryMissSupersampleCount:4]]
[2022.10.11-02.46.30:457][  0]LogConfig: Setting CVar [[r.LightMaxDrawDistanceScale:1]]
[2022.10.11-02.46.30:457][  0]LogConfig: Setting CVar [[r.CapsuleShadows:1]]
[2022.10.11-02.46.30:457][  0]LogConfig: Applying CVar settings from Section [PostProcessQuality@3] File [C:/Users/alvin/Documents/Unreal Projects/MP2/Saved/Config/Windows/Scalability.ini]
[2022.10.11-02.46.30:457][  0]LogConfig: Setting CVar [[r.MotionBlurQuality:4]]
[2022.10.11-02.46.30:457][  0]LogConfig: Setting CVar [[r.AmbientOcclusionMipLevelFactor:0.4]]
[2022.10.11-02.46.30:457][  0]LogConfig: Setting CVar [[r.AmbientOcclusionMaxQuality:100]]
[2022.10.11-02.46.30:457][  0]LogConfig: Setting CVar [[r.AmbientOcclusionLevels:-1]]
[2022.10.11-02.46.30:457][  0]LogConfig: Setting CVar [[r.AmbientOcclusionRadiusScale:1.0]]
[2022.10.11-02.46.30:457][  0]LogConfig: Setting CVar [[r.DepthOfFieldQuality:2]]
[2022.10.11-02.46.30:457][  0]LogConfig: Setting CVar [[r.RenderTargetPoolMin:400]]
[2022.10.11-02.46.30:457][  0]LogConfig: Setting CVar [[r.LensFlareQuality:2]]
[2022.10.11-02.46.30:457][  0]LogConfig: Setting CVar [[r.SceneColorFringeQuality:1]]
[2022.10.11-02.46.30:457][  0]LogConfig: Setting CVar [[r.EyeAdaptationQuality:2]]
[2022.10.11-02.46.30:457][  0]LogConfig: Setting CVar [[r.BloomQuality:5]]
[2022.10.11-02.46.30:457][  0]LogConfig: Setting CVar [[r.FastBlurThreshold:100]]
[2022.10.11-02.46.30:457][  0]LogConfig: Setting CVar [[r.Upscale.Quality:3]]
[2022.10.11-02.46.30:457][  0]LogConfig: Setting CVar [[r.Tonemapper.GrainQuantization:1]]
[2022.10.11-02.46.30:457][  0]LogConfig: Setting CVar [[r.LightShaftQuality:1]]
[2022.10.11-02.46.30:457][  0]LogConfig: Setting CVar [[r.Filter.SizeScale:1]]
[2022.10.11-02.46.30:457][  0]LogConfig: Setting CVar [[r.Tonemapper.Quality:5]]
[2022.10.11-02.46.30:457][  0]LogConfig: Setting CVar [[r.DOF.Gather.AccumulatorQuality:1        ; higher gathering accumulator quality]]
[2022.10.11-02.46.30:457][  0]LogConfig: Setting CVar [[r.DOF.Gather.PostfilterMethod:1          ; Median3x3 postfilering method]]
[2022.10.11-02.46.30:457][  0]LogConfig: Setting CVar [[r.DOF.Gather.EnableBokehSettings:0       ; no bokeh simulation when gathering]]
[2022.10.11-02.46.30:457][  0]LogConfig: Setting CVar [[r.DOF.Gather.RingCount:4                 ; medium number of samples when gathering]]
[2022.10.11-02.46.30:457][  0]LogConfig: Setting CVar [[r.DOF.Scatter.ForegroundCompositing:1    ; additive foreground scattering]]
[2022.10.11-02.46.30:457][  0]LogConfig: Setting CVar [[r.DOF.Scatter.BackgroundCompositing:2    ; additive background scattering]]
[2022.10.11-02.46.30:457][  0]LogConfig: Setting CVar [[r.DOF.Scatter.EnableBokehSettings:1      ; bokeh simulation when scattering]]
[2022.10.11-02.46.30:457][  0]LogConfig: Setting CVar [[r.DOF.Scatter.MaxSpriteRatio:0.1         ; only a maximum of 10% of scattered bokeh]]
[2022.10.11-02.46.30:457][  0]LogConfig: Setting CVar [[r.DOF.Recombine.Quality:1                ; cheap slight out of focus]]
[2022.10.11-02.46.30:457][  0]LogConfig: Setting CVar [[r.DOF.Recombine.EnableBokehSettings:0    ; no bokeh simulation on slight out of focus]]
[2022.10.11-02.46.30:457][  0]LogConfig: Setting CVar [[r.DOF.TemporalAAQuality:1                ; more stable temporal accumulation]]
[2022.10.11-02.46.30:457][  0]LogConfig: Setting CVar [[r.DOF.Kernel.MaxForegroundRadius:0.025]]
[2022.10.11-02.46.30:457][  0]LogConfig: Setting CVar [[r.DOF.Kernel.MaxBackgroundRadius:0.025]]
[2022.10.11-02.46.30:457][  0]LogConfig: Applying CVar settings from Section [TextureQuality@3] File [C:/Users/alvin/Documents/Unreal Projects/MP2/Saved/Config/Windows/Scalability.ini]
[2022.10.11-02.46.30:457][  0]LogConfig: Setting CVar [[r.Streaming.MipBias:0]]
[2022.10.11-02.46.30:457][  0]LogConfig: Setting CVar [[r.Streaming.AmortizeCPUToGPUCopy:0]]
[2022.10.11-02.46.30:457][  0]LogConfig: Setting CVar [[r.Streaming.MaxNumTexturesToStreamPerFrame:0]]
[2022.10.11-02.46.30:457][  0]LogConfig: Setting CVar [[r.Streaming.Boost:1]]
[2022.10.11-02.46.30:457][  0]LogConfig: Setting CVar [[r.MaxAnisotropy:8]]
[2022.10.11-02.46.30:457][  0]LogConfig: Setting CVar [[r.VT.MaxAnisotropy:8]]
[2022.10.11-02.46.30:457][  0]LogConfig: Setting CVar [[r.Streaming.LimitPoolSizeToVRAM:0]]
[2022.10.11-02.46.30:457][  0]LogConfig: Setting CVar [[r.Streaming.PoolSize:1000]]
[2022.10.11-02.46.30:457][  0]LogConfig: Setting CVar [[r.Streaming.MaxEffectiveScreenSize:0]]
[2022.10.11-02.46.30:458][  0]LogConfig: Applying CVar settings from Section [EffectsQuality@3] File [C:/Users/alvin/Documents/Unreal Projects/MP2/Saved/Config/Windows/Scalability.ini]
[2022.10.11-02.46.30:458][  0]LogConfig: Setting CVar [[r.TranslucencyLightingVolumeDim:64]]
[2022.10.11-02.46.30:458][  0]LogConfig: Setting CVar [[r.RefractionQuality:2]]
[2022.10.11-02.46.30:458][  0]LogConfig: Setting CVar [[r.SSR.Quality:3]]
[2022.10.11-02.46.30:458][  0]LogConfig: Setting CVar [[r.SSR.HalfResSceneColor:0]]
[2022.10.11-02.46.30:458][  0]LogConfig: Setting CVar [[r.SceneColorFormat:4]]
[2022.10.11-02.46.30:458][  0]LogConfig: Setting CVar [[r.DetailMode:2]]
[2022.10.11-02.46.30:458][  0]LogConfig: Setting CVar [[r.TranslucencyVolumeBlur:1]]
[2022.10.11-02.46.30:458][  0]LogConfig: Setting CVar [[r.MaterialQualityLevel:1 ; High quality]]
[2022.10.11-02.46.30:458][  0]LogConfig: Setting CVar [[r.AnisotropicMaterials:1]]
[2022.10.11-02.46.30:458][  0]LogConfig: Setting CVar [[r.SSS.Scale:1]]
[2022.10.11-02.46.30:458][  0]LogConfig: Setting CVar [[r.SSS.SampleSet:2]]
[2022.10.11-02.46.30:458][  0]LogConfig: Setting CVar [[r.SSS.Quality:1]]
[2022.10.11-02.46.30:458][  0]LogConfig: Setting CVar [[r.SSS.HalfRes:0]]
[2022.10.11-02.46.30:458][  0]LogConfig: Setting CVar [[r.SSGI.Quality:3]]
[2022.10.11-02.46.30:458][  0]LogConfig: Setting CVar [[r.EmitterSpawnRateScale:1.0]]
[2022.10.11-02.46.30:458][  0]LogConfig: Setting CVar [[r.ParticleLightQuality:2]]
[2022.10.11-02.46.30:458][  0]LogConfig: Setting CVar [[r.SkyAtmosphere.AerialPerspectiveLUT.FastApplyOnOpaque:1 ; Always have FastSkyLUT 1 in this case to avoid wrong sky]]
[2022.10.11-02.46.30:458][  0]LogConfig: Setting CVar [[r.SkyAtmosphere.AerialPerspectiveLUT.SampleCountMaxPerSlice:4]]
[2022.10.11-02.46.30:458][  0]LogConfig: Setting CVar [[r.SkyAtmosphere.AerialPerspectiveLUT.DepthResolution:16.0]]
[2022.10.11-02.46.30:458][  0]LogConfig: Setting CVar [[r.SkyAtmosphere.FastSkyLUT:1]]
[2022.10.11-02.46.30:458][  0]LogConfig: Setting CVar [[r.SkyAtmosphere.FastSkyLUT.SampleCountMin:4.0]]
[2022.10.11-02.46.30:458][  0]LogConfig: Setting CVar [[r.SkyAtmosphere.FastSkyLUT.SampleCountMax:128.0]]
[2022.10.11-02.46.30:458][  0]LogConfig: Setting CVar [[r.SkyAtmosphere.SampleCountMin:4.0]]
[2022.10.11-02.46.30:458][  0]LogConfig: Setting CVar [[r.SkyAtmosphere.SampleCountMax:128.0]]
[2022.10.11-02.46.30:458][  0]LogConfig: Setting CVar [[r.SkyAtmosphere.TransmittanceLUT.UseSmallFormat:0]]
[2022.10.11-02.46.30:458][  0]LogConfig: Setting CVar [[r.SkyAtmosphere.TransmittanceLUT.SampleCount:10.0]]
[2022.10.11-02.46.30:458][  0]LogConfig: Setting CVar [[r.SkyAtmosphere.MultiScatteringLUT.SampleCount:15.0]]
[2022.10.11-02.46.30:458][  0]LogConfig: Setting CVar [[r.SkyLight.RealTimeReflectionCapture:1]]
[2022.10.11-02.46.30:458][  0]LogConfig: Applying CVar settings from Section [FoliageQuality@3] File [C:/Users/alvin/Documents/Unreal Projects/MP2/Saved/Config/Windows/Scalability.ini]
[2022.10.11-02.46.30:458][  0]LogConfig: Setting CVar [[foliage.DensityScale:1.0]]
[2022.10.11-02.46.30:458][  0]LogConfig: Setting CVar [[grass.DensityScale:1.0]]
[2022.10.11-02.46.30:458][  0]LogConfig: Applying CVar settings from Section [ShadingQuality@3] File [C:/Users/alvin/Documents/Unreal Projects/MP2/Saved/Config/Windows/Scalability.ini]
[2022.10.11-02.46.30:458][  0]LogConfig: Setting CVar [[r.HairStrands.SkyLighting.IntegrationType:2]]
[2022.10.11-02.46.30:458][  0]LogConfig: Setting CVar [[r.HairStrands.SkyAO.SampleCount:4]]
[2022.10.11-02.46.30:458][  0]LogConfig: Setting CVar [[r.HairStrands.Visibility.MSAA.SamplePerPixel:4]]
[2022.10.11-02.46.30:458][  0]LogConfig: Applying CVar settings from Section [Startup] File [../../../Engine/Config/ConsoleVariables.ini]
[2022.10.11-02.46.30:459][  0]LogConfig: Setting CVar [[net.UseAdaptiveNetUpdateFrequency:0]]
[2022.10.11-02.46.30:459][  0]LogConfig: Setting CVar [[p.chaos.AllowCreatePhysxBodies:1]]
[2022.10.11-02.46.30:459][  0]LogConfig: Setting CVar [[fx.SkipVectorVMBackendOptimizations:1]]
[2022.10.11-02.46.30:459][  0]LogConfig: Applying CVar settings from Section [ConsoleVariables] File [C:/Users/alvin/Documents/Unreal Projects/MP2/Saved/Config/Windows/Engine.ini]
[2022.10.11-02.46.30:459][  0]LogConfig: Applying CVar settings from Section [ConsoleVariables] File [C:/Users/alvin/Documents/Unreal Projects/MP2/Saved/Config/Windows/Editor.ini]
[2022.10.11-02.46.30:459][  0]LogInit: Computer: DESKTOP-SLT3J49
[2022.10.11-02.46.30:459][  0]LogInit: User: alvin
[2022.10.11-02.46.30:459][  0]LogInit: CPU Page size=4096, Cores=4
[2022.10.11-02.46.30:459][  0]LogInit: High frequency timer resolution =10.000000 MHz
[2022.10.11-02.46.30:459][  0]LogMemory: Memory total: Physical=31.9GB (32GB approx)
[2022.10.11-02.46.30:459][  0]LogMemory: Platform Memory Stats for Windows
[2022.10.11-02.46.30:459][  0]LogMemory: Process Physical Memory: 145.19 MB used, 145.19 MB peak
[2022.10.11-02.46.30:459][  0]LogMemory: Process Virtual Memory: 128.48 MB used, 128.48 MB peak
[2022.10.11-02.46.30:459][  0]LogMemory: Physical Memory: 11841.45 MB used,  20777.67 MB free, 32619.12 MB total
[2022.10.11-02.46.30:459][  0]LogMemory: Virtual Memory: 134193584.00 MB used,  24143.18 MB free, 134217728.00 MB total
[2022.10.11-02.46.30:465][  0]LogWindows: WindowsPlatformFeatures enabled
[2022.10.11-02.46.30:519][  0]LogInit: Physics initialised using underlying interface: PhysX
[2022.10.11-02.46.30:520][  0]LogInit: Using OS detected language (en-US).
[2022.10.11-02.46.30:520][  0]LogInit: Using OS detected locale (en-US).
[2022.10.11-02.46.30:523][  0]LogTextLocalizationManager: No specific localization for 'en-US' exists, so the 'en' localization will be used.
[2022.10.11-02.46.30:779][  0]LogInit: Setting process to per monitor DPI aware
[2022.10.11-02.46.30:810][  0]LogWindowsTextInputMethodSystem: Display: IME system deactivated.
[2022.10.11-02.46.30:839][  0]LogSlate: New Slate User Created.  User Index 0, Is Virtual User: 0
[2022.10.11-02.46.30:839][  0]LogSlate: Slate User Registered.  User Index 0, Is Virtual User: 0
[2022.10.11-02.46.31:053][  0]LogD3D11RHI: Loaded GFSDK_Aftermath_Lib.x64.dll
[2022.10.11-02.46.31:167][  0]LogHMD: Failed to initialize OpenVR with code 110
[2022.10.11-02.46.31:167][  0]LogD3D11RHI: D3D11 min allowed feature level: 11_0
[2022.10.11-02.46.31:167][  0]LogD3D11RHI: D3D11 max allowed feature level: 11_0
[2022.10.11-02.46.31:167][  0]LogD3D11RHI: D3D11 adapters:
[2022.10.11-02.46.31:263][  0]LogD3D11RHI:    0. 'NVIDIA Quadro M1200' (Feature Level 11_0)
[2022.10.11-02.46.31:263][  0]LogD3D11RHI:       4055/0/16309 MB DedicatedVideo/DedicatedSystem/SharedSystem, Outputs:1, VendorId:0x10de
[2022.10.11-02.46.31:299][  0]LogD3D11RHI:    1. 'Intel(R) HD Graphics 630' (Feature Level 11_0)
[2022.10.11-02.46.31:299][  0]LogD3D11RHI:       128/0/16309 MB DedicatedVideo/DedicatedSystem/SharedSystem, Outputs:0, VendorId:0x8086
[2022.10.11-02.46.31:302][  0]LogD3D11RHI:    2. 'Microsoft Basic Render Driver' (Feature Level 11_0)
[2022.10.11-02.46.31:302][  0]LogD3D11RHI:       0/0/16309 MB DedicatedVideo/DedicatedSystem/SharedSystem, Outputs:0, VendorId:0x1414
[2022.10.11-02.46.31:302][  0]LogD3D11RHI: Chosen D3D11 Adapter:
[2022.10.11-02.46.31:302][  0]LogD3D11RHI:     Description : NVIDIA Quadro M1200
[2022.10.11-02.46.31:302][  0]LogD3D11RHI:     VendorId    : 10de
[2022.10.11-02.46.31:302][  0]LogD3D11RHI:     DeviceId    : 13b6
[2022.10.11-02.46.31:302][  0]LogD3D11RHI:     SubSysId    : 7bf1028
[2022.10.11-02.46.31:302][  0]LogD3D11RHI:     Revision    : 00a2
[2022.10.11-02.46.31:302][  0]LogD3D11RHI:     DedicatedVideoMemory : 4252762112 bytes
[2022.10.11-02.46.31:302][  0]LogD3D11RHI:     DedicatedSystemMemory : 0 bytes
[2022.10.11-02.46.31:302][  0]LogD3D11RHI:     SharedSystemMemory : 17101813760 bytes
[2022.10.11-02.46.31:302][  0]LogD3D11RHI:     AdapterLuid : 0 76566
[2022.10.11-02.46.31:312][  0]LogD3D11RHI: Creating new Direct3DDevice
[2022.10.11-02.46.31:312][  0]LogD3D11RHI:     GPU DeviceId: 0x13b6 (for the marketing name, search the web for "GPU Device Id")
[2022.10.11-02.46.31:312][  0]LogWindows: EnumDisplayDevices:
[2022.10.11-02.46.31:313][  0]LogWindows:    0. 'Intel(R) HD Graphics 630' (P:1 D:1)
[2022.10.11-02.46.31:313][  0]LogWindows:    1. 'Intel(R) HD Graphics 630' (P:0 D:0)
[2022.10.11-02.46.31:313][  0]LogWindows:    2. 'Intel(R) HD Graphics 630' (P:0 D:0)
[2022.10.11-02.46.31:314][  0]LogWindows: DebugString: PrimaryIsNotTheChoosenAdapter PrimaryIsNotTheChoosenAdapter PrimaryIsNotTheChoosenAdapter FoundDriverCount:0 
[2022.10.11-02.46.31:314][  0]LogD3D11RHI:     Adapter Name: NVIDIA Quadro M1200
[2022.10.11-02.46.31:314][  0]LogD3D11RHI:   Driver Version: Unknown (internal:Unknown, unified:Unknown)
[2022.10.11-02.46.31:314][  0]LogD3D11RHI:      Driver Date: Unknown
[2022.10.11-02.46.31:314][  0]LogRHI: Texture pool is 2839 MB (70% of 4055 MB)
[2022.10.11-02.46.31:314][  0]LogD3D11RHI: Creating D3DDevice using adapter:
[2022.10.11-02.46.31:314][  0]LogD3D11RHI:     Description : NVIDIA Quadro M1200
[2022.10.11-02.46.31:314][  0]LogD3D11RHI:     VendorId    : 10de
[2022.10.11-02.46.31:314][  0]LogD3D11RHI:     DeviceId    : 13b6
[2022.10.11-02.46.31:314][  0]LogD3D11RHI:     SubSysId    : 7bf1028
[2022.10.11-02.46.31:314][  0]LogD3D11RHI:     Revision    : 00a2
[2022.10.11-02.46.31:314][  0]LogD3D11RHI:     DedicatedVideoMemory : 4252762112 bytes
[2022.10.11-02.46.31:314][  0]LogD3D11RHI:     DedicatedSystemMemory : 0 bytes
[2022.10.11-02.46.31:314][  0]LogD3D11RHI:     SharedSystemMemory : 17101813760 bytes
[2022.10.11-02.46.31:314][  0]LogD3D11RHI:     AdapterLuid : 0 76566
[2022.10.11-02.46.31:372][  0]LogD3D11RHI: RHI has support for 64 bit atomics
[2022.10.11-02.46.31:372][  0]LogD3D11RHI: Async texture creation enabled
[2022.10.11-02.46.31:395][  0]LogD3D11RHI: GPU Timing Frequency: 1000.000000 (Debug: 2 1)
[2022.10.11-02.46.31:452][  0]LogRHI: GeForceNow SDK initialized: 1
[2022.10.11-02.46.31:867][  0]LogTargetPlatformManager: Display: Loaded TargetPlatform 'AllDesktop'
[2022.10.11-02.46.31:904][  0]LogTargetPlatformManager: Display: Loaded TargetPlatform 'Android'
[2022.10.11-02.46.31:904][  0]LogTargetPlatformManager: Display: Loaded TargetPlatform 'Android_ASTC'
[2022.10.11-02.46.31:904][  0]LogTargetPlatformManager: Display: Loaded TargetPlatform 'Android_DXT'
[2022.10.11-02.46.31:904][  0]LogTargetPlatformManager: Display: Loaded TargetPlatform 'Android_ETC2'
[2022.10.11-02.46.31:904][  0]LogTargetPlatformManager: Display: Loaded TargetPlatform 'AndroidClient'
[2022.10.11-02.46.31:904][  0]LogTargetPlatformManager: Display: Loaded TargetPlatform 'Android_ASTCClient'
[2022.10.11-02.46.31:904][  0]LogTargetPlatformManager: Display: Loaded TargetPlatform 'Android_DXTClient'
[2022.10.11-02.46.31:904][  0]LogTargetPlatformManager: Display: Loaded TargetPlatform 'Android_ETC2Client'
[2022.10.11-02.46.31:904][  0]LogTargetPlatformManager: Display: Loaded TargetPlatform 'Android_Multi'
[2022.10.11-02.46.31:904][  0]LogTargetPlatformManager: Display: Loaded TargetPlatform 'Android_MultiClient'
[2022.10.11-02.46.31:930][  0]LogTargetPlatformManager: Display: Loaded TargetPlatform 'IOSClient'
[2022.10.11-02.46.31:931][  0]LogTargetPlatformManager: Display: Loaded TargetPlatform 'IOS'
[2022.10.11-02.46.31:944][  0]LogTargetPlatformManager: Display: Loaded TargetPlatform 'Linux'
[2022.10.11-02.46.31:951][  0]LogTargetPlatformManager: Display: Loaded TargetPlatform 'LinuxNoEditor'
[2022.10.11-02.46.31:956][  0]LogTargetPlatformManager: Display: Loaded TargetPlatform 'LinuxClient'
[2022.10.11-02.46.31:962][  0]LogTargetPlatformManager: Display: Loaded TargetPlatform 'LinuxServer'
[2022.10.11-02.46.31:975][  0]LogTargetPlatformManager: Display: Loaded TargetPlatform 'LinuxAArch64NoEditor'
[2022.10.11-02.46.31:982][  0]LogTargetPlatformManager: Display: Loaded TargetPlatform 'LinuxAArch64Client'
[2022.10.11-02.46.31:989][  0]LogTargetPlatformManager: Display: Loaded TargetPlatform 'LinuxAArch64Server'
[2022.10.11-02.46.32:026][  0]LogTargetPlatformManager: Display: Loaded TargetPlatform 'Lumin'
[2022.10.11-02.46.32:026][  0]LogTargetPlatformManager: Display: Loaded TargetPlatform 'LuminClient'
[2022.10.11-02.46.32:038][  0]LogTargetPlatformManager: Display: Loaded TargetPlatform 'MacNoEditor'
[2022.10.11-02.46.32:044][  0]LogTargetPlatformManager: Display: Loaded TargetPlatform 'Mac'
[2022.10.11-02.46.32:051][  0]LogTargetPlatformManager: Display: Loaded TargetPlatform 'MacClient'
[2022.10.11-02.46.32:057][  0]LogTargetPlatformManager: Display: Loaded TargetPlatform 'MacServer'
[2022.10.11-02.46.32:071][  0]LogTargetPlatformManager: Display: Loaded TargetPlatform 'TVOSClient'
[2022.10.11-02.46.32:071][  0]LogTargetPlatformManager: Display: Loaded TargetPlatform 'TVOS'
[2022.10.11-02.46.32:088][  0]LogTargetPlatformManager: Display: Loaded TargetPlatform 'WindowsNoEditor'
[2022.10.11-02.46.32:096][  0]LogTargetPlatformManager: Display: Loaded TargetPlatform 'Windows'
[2022.10.11-02.46.32:103][  0]LogTargetPlatformManager: Display: Loaded TargetPlatform 'WindowsClient'
[2022.10.11-02.46.32:110][  0]LogTargetPlatformManager: Display: Loaded TargetPlatform 'WindowsServer'
[2022.10.11-02.46.32:110][  0]LogTargetPlatformManager: Display: Building Assets For Windows
[2022.10.11-02.46.32:122][  0]LogAudioDebug: Display: Lib vorbis DLL was dynamically loaded.
[2022.10.11-02.46.32:167][  0]LogTextureFormatOodle: Display: Oodle Texture 2.9.0 init RDO Off
[2022.10.11-02.46.32:210][  0]LogRendererCore: Ray tracing is disabled. Reason: r.RayTracing=0.
[2022.10.11-02.46.32:210][  0]LogShaderCompilers: Guid format shader working directory is -14 characters bigger than the processId version (../../../../../../Users/alvin/Documents/Unreal Projects/MP2/Intermediate/Shaders/WorkingDirectory/13212/).
[2022.10.11-02.46.32:211][  0]LogShaderCompilers: Cleaned the shader compiler working directory 'C:/Users/alvin/AppData/Local/Temp/UnrealShaderWorkingDir/9E44C3CF413C7FD9D39A719E895E1B05/'.
[2022.10.11-02.46.32:211][  0]LogXGEController: Cannot use XGE Controller as Incredibuild is not installed on this machine.
[2022.10.11-02.46.32:211][  0]LogShaderCompilers: Cannot use XGE Shader Compiler as Incredibuild is not installed on this machine.
[2022.10.11-02.46.32:211][  0]LogShaderCompilers: Display: Using Local Shader Compiler.
[2022.10.11-02.46.33:075][  0]LogDerivedDataCache: Display: Max Cache Size: 512 MB
[2022.10.11-02.46.33:151][  0]LogDerivedDataCache: Loaded boot cache 0.08s 94MB C:/Users/alvin/AppData/Local/UnrealEngine/4.27/DerivedDataCache/Boot.ddc.
[2022.10.11-02.46.33:151][  0]LogDerivedDataCache: Display: Loaded Boot cache: C:/Users/alvin/AppData/Local/UnrealEngine/4.27/DerivedDataCache/Boot.ddc
[2022.10.11-02.46.33:151][  0]LogDerivedDataCache: FDerivedDataBackendGraph:  Pak pak cache file ../../../../../../Users/alvin/Documents/Unreal Projects/MP2/DerivedDataCache/DDC.ddp not found, will not use a pak cache.
[2022.10.11-02.46.33:151][  0]LogDerivedDataCache: Unable to find inner node Pak for hierarchical cache Hierarchy.
[2022.10.11-02.46.33:151][  0]LogDerivedDataCache: FDerivedDataBackendGraph:  CompressedPak pak cache file ../../../../../../Users/alvin/Documents/Unreal Projects/MP2/DerivedDataCache/Compressed.ddp not found, will not use a pak cache.
[2022.10.11-02.46.33:151][  0]LogDerivedDataCache: Unable to find inner node CompressedPak for hierarchical cache Hierarchy.
[2022.10.11-02.46.33:172][  0]LogDerivedDataCache: Display: Pak cache opened for reading ../../../Engine/DerivedDataCache/Compressed.ddp.
[2022.10.11-02.46.33:172][  0]LogDerivedDataCache: FDerivedDataBackendGraph:  EnterprisePak pak cache file ../../../Enterprise/DerivedDataCache/Compressed.ddp not found, will not use a pak cache.
[2022.10.11-02.46.33:172][  0]LogDerivedDataCache: Unable to find inner node EnterprisePak for hierarchical cache Hierarchy.
[2022.10.11-02.46.33:187][  0]LogDerivedDataCache: Speed tests for C:/Users/alvin/AppData/Local/UnrealEngine/Common/DerivedDataCache took 0.01 seconds
[2022.10.11-02.46.33:187][  0]LogDerivedDataCache: Display: Performance to C:/Users/alvin/AppData/Local/UnrealEngine/Common/DerivedDataCache: Latency=0.04ms. RandomReadSpeed=136.13MBs, RandomWriteSpeed=129.39MBs. Assigned SpeedClass 'Local'
[2022.10.11-02.46.33:188][  0]LogDerivedDataCache: Using Local data cache path C:/Users/alvin/AppData/Local/UnrealEngine/Common/DerivedDataCache: Writable
[2022.10.11-02.46.33:188][  0]LogDerivedDataCache: Shared data cache path not found in *engine.ini, will not use an Shared cache.
[2022.10.11-02.46.33:188][  0]LogDerivedDataCache: Unable to find inner node Shared for hierarchical cache Hierarchy.
[2022.10.11-02.46.33:247][  0]LogSlate: Using FreeType 2.10.0
[2022.10.11-02.46.33:247][  0]LogSlate: SlateFontServices - WITH_FREETYPE: 1, WITH_HARFBUZZ: 1
[2022.10.11-02.46.33:280][  0]LogAssetRegistry: FAssetRegistry took 0.0039 seconds to start up
[2022.10.11-02.46.33:585][  0]LogInit: Selected Device Profile: [Windows]
[2022.10.11-02.46.33:585][  0]LogInit: Active device profile: [000001E800790900][000001E87F313040 49] Windows
[2022.10.11-02.46.33:585][  0]LogInit: Profiles: [000001E800790900][000001E87F313040 49] Windows, [000001E800763800][000001E87F30B1C0 49] WindowsNoEditor, [000001E800793500][000001E87F307340 49] WindowsServer, [000001E800760E00][000001E87F57D4C0 49] WindowsClient, [000001E800793800][000001E87F58D640 49] IOS, [000001E800762800][000001E87576D7C0 49] iPadAir, [000001E800792000][000001E87F99D940 49] iPadAir2, [000001E8006FCA00][000001E87E0E7C00 49] IPadPro, [000001E8006FCB00][000001E87E0E20C0 49] iPadAir3, [000001E800761700][000001E87E0EA240 49] iPadAir4, [000001E8006FF400][000001E87E0EE3C0 49] iPadMini2, [000001E800762A00][000001E87E0F2540 49] iPadMini3, [000001E8006FD700][000001E87E0F66C0 49] iPadMini4, [000001E800790F00][000001E8757A0840 49] iPadMini5, [000001E800738300][000001E8757A4A80 49] iPhone6, [000001E800738400][000001E87F30EAC0 49] iPodTouch6, [000001E8006FF600][000001E8757ACD00 49] iPhone7, [000001E8006FD800][000001E8757A8D40 49] iPodTouch7, [000001E80073BF00][000001E8757B4EC0 49] iPhone5S, [000001E800762300][000001E8757B9040 49] iPhone6Plus, [000001E8006FC200][000001E8757BD1C0 49] iPhone6S, [000001E800762200][000001E8757C1340 49] iPhone6SPlus, [000001E8006FFC00][000001E8757C54C0 49] iPhone7Plus, [000001E800763D00][000001E875D33640 49] iPhoneSE, [000001E8006FF500][000001E875D377C0 49] iPhone8, [000001E800761E00][000001E875D3B940 49] iPhone8Plus, [000001E8006FE600][000001E875D3FAC0 49] iPhoneX, [000001E800762500][000001E875D420C0 49] iPhoneXS, [000001E8006FE000][000001E875D46240 49] iPhoneXSMax, [000001E800763A00][000001E875D4A3C0 49] iPhoneXR, [000001E8006FF700][000001E875D4E540 49] iPhone11, [000001E800760D00][000001E875D526C0 49] iPhone11Pro, [000001E8006FF800][000001E875D56840 49] iPhone11ProMax, [000001E800760F00][000001E87F2C29C0 49] iPhoneSE2, [000001E8006FEE00][000001E87F2C6B40 49] iPhone12Mini, [000001E800762700][000001E8757B0C80 49] iPhone12, [000001E8006FD100][000001E87F2CADC0 49] iPhone12Pro, [000001E800763600][000001E87F2CEF00 49] iPhone12ProMax, [000001E8006FE300][000001E87F2D7080 49] iPadPro105, [000001E800760C00][000001E87F2DB200 49] iPadPro129, [000001E8006FF300][000001E87F2DF380 49] iPadPro97, [000001E800761F00][000001E87F2E3500 49] iPadPro2_129, [000001E8006FD400][000001E87F2E7680 49] iPad5, [000001E800763400][000001E87F2EB800 49] iPad6, [000001E8006FF100][000001E87F2EF980 49] iPad7, [000001E800761A00][000001E87F2F3B00 49] iPad8, [000001E8006FE800][000001E87F2F6100 49] iPadPro11, [000001E800761B00][000001E87F2FA280 49] iPadPro2_11, [000001E8006FDB00][000001E87F2FE400 49] iPadPro3_129, [000001E800763900][000001E87F302580 49] iPadPro4_129, [000001E8006FD500][000001E87F4FA700 49] AppleTV, [000001E800762000][000001E87F4FE880 49] AppleTV4K, [000001E8006FC100][000001E87F502A00 49] TVOS, [000001E800762600][000001E87F506B80 49] Mac, [000001E8006FE700][000001E87F50AD00 49] MacClient, [000001E800762F00][000001E87F2D2E40 49] MacNoEditor, [000001E8006FF900][000001E87F50EF80 49] MacServer, [000001E800763500][000001E87F5130C0 49] Linux, [000001E8006FE200][000001E87F51B240 49] LinuxAArch64, [000001E800760B00][000001E87F51F3C0 49] LinuxNoEditor, [000001E8006FFB00][000001E87F523540 49] LinuxAArch64NoEditor, [000001E800760100][000001E87F5276C0 49] LinuxClient, [000001E8006FDD00][000001E87F52B840 49] LinuxAArch64Client, [000001E800761600][000001E87F52F9C0 49] LinuxServer, [000001E8006FE100][000001E87F533B40 49] LinuxAArch64Server, [000001E800761300][000001E87F536140 49] Android, [000001E8006FC500][000001E87F53A2C0 49] Android_Low, [000001E800762B00][000001E87F53E440 49] Android_Mid, [000001E800793A00][000001E87F5425C0 49] Android_High, [000001E800739C00][000001E87F546740 49] Android_Default, [000001E800792100][000001E87F54A8C0 49] Android_Adreno4xx, [000001E80073A700][000001E87F54EA40 49] Android_Adreno5xx_Low, [000001E800790B00][000001E87F552BC0 49] Android_Adreno5xx, [000001E80073AD00][000001E87F556D40 49] Android_Adreno6xx, [000001E800791200][000001E87F55AEC0 49] Android_Adreno6xx_Vulkan, [000001E80073A800][000001E87F517000 49] Android_Mali_T6xx, [000001E800793200][000001E87F55F140 49] Android_Mali_T7xx, [000001E80073AE00][000001E87F563280 49] Android_Mali_T8xx, [000001E800792500][000001E87F5673C0 49] Android_Mali_G71, [000001E80073BE00][000001E87F56F540 49] Android_Mali_G72, [000001E800792A00][000001E87F5736C0 49] Android_Mali_G72_Vulkan, [000001E800739B00][000001E87F577840 49] Android_Mali_G76, [000001E800791D00][000001E87DFEF9C0 49] Android_Mali_G76_Vulkan, [000001E80073B000][000001E87DFF3B40 49] Android_Mali_G77, [000001E800792D00][000001E87DFF6140 49] Android_Mali_G77_Vulkan, [000001E80073BA00][000001E87DFFA2C0 49] Android_Mali_G78, [000001E800790D00][000001E87DFFE440 49] Android_Mali_G78_Vulkan, [000001E800738500][000001E87E0025C0 49] Android_Mali_G710, [000001E800791300][000001E87E006740 49] Android_Mali_G710_Vulkan, [000001E80073B500][000001E87E00A8C0 49] Android_Vulkan_SM5, [000001E800793300][000001E87E00EA40 49] Android_PowerVR_G6xxx, [000001E80073AC00][000001E87E012BC0 49] Android_PowerVR_GT7xxx, [000001E800793C00][000001E87E016D40 49] Android_PowerVR_GE8xxx, [000001E800739200][000001E87E01AEC0 49] Android_PowerVR_GM9xxx, [000001E800793000][000001E87E01F040 49] Android_PowerVR_GM9xxx_Vulkan, [000001E80073A900][000001E87F56B180 49] Android_TegraK1, [000001E800791100][000001E87E0232C0 49] Android_Unknown_Vulkan, [000001E800760600][000001E87E027400 49] Lumin, [000001E800792900][000001E87E02B540 49] Lumin_Desktop, [000001E800761200][000001E87E0336C0 49] HoloLens, 
[2022.10.11-02.46.33:730][  0]LogMeshReduction: Using QuadricMeshReduction for automatic static mesh reduction
[2022.10.11-02.46.33:730][  0]LogMeshReduction: Using SimplygonMeshReduction for automatic skeletal mesh reduction
[2022.10.11-02.46.33:730][  0]LogMeshReduction: Using ProxyLODMeshReduction for automatic mesh merging
[2022.10.11-02.46.33:730][  0]LogMeshReduction: No distributed automatic mesh merging module available
[2022.10.11-02.46.33:730][  0]LogMeshMerging: No distributed automatic mesh merging module available
[2022.10.11-02.46.33:750][  0]LogNetVersion: MP2 1.0.0, NetCL: 17155196, EngineNetVer: 17, GameNetVer: 0 (Checksum: 2849652843)
[2022.10.11-02.46.34:191][  0]LogTexture: Default maximum texture size for cubemaps generated from long-lat sources has been changed from 512 to unlimited. In order to preserve old behaiour for '/Engine/MapTemplates/Sky/DaylightAmbientCubemap.DaylightAmbientCubemap', its maximum texture size has been explicitly set to 512.
[2022.10.11-02.46.34:251][  0]LogHMD: PokeAHoleMaterial loaded successfully
[2022.10.11-02.46.34:257][  0]LogUObjectArray: 17178 objects as part of root set at end of initial load.
[2022.10.11-02.46.34:257][  0]LogUObjectAllocator: 4302048 out of 0 bytes used by permanent object pool.
[2022.10.11-02.46.34:257][  0]LogUObjectArray: CloseDisregardForGC: 0/0 objects in disregard for GC pool
[2022.10.11-02.46.34:591][  0]LogNiagaraDebuggerClient: Niagara Debugger Client Initialized | Session: 9A6E4F174BDF7A2CAD6A0782CB16A8D5 | Instance: 28AE7DD84E955D2E13B1F891CED09241 (DESKTOP-SLT3J49-13212).
[2022.10.11-02.46.34:631][  0]LogPython: Using Python 3.7.7
[2022.10.11-02.46.35:470][  0]LogTcpMessaging: Initializing TcpMessaging bridge
[2022.10.11-02.46.35:476][  0]LogUdpMessaging: Initializing bridge on interface 0.0.0.0:0 to multicast group 230.0.0.1:6666.
[2022.10.11-02.46.35:648][  0]SourceControl: Source control is disabled
[2022.10.11-02.46.35:648][  0]SourceControl: Source control is disabled
[2022.10.11-02.46.35:652][  0]SourceControl: Source control is disabled
[2022.10.11-02.46.35:659][  0]SourceControl: Source control is disabled
[2022.10.11-02.46.35:667][  0]SourceControl: Source control is disabled
[2022.10.11-02.46.35:675][  0]LogUProjectInfo: Found projects:
[2022.10.11-02.46.35:681][  0]LogVSAccessor: Display: Unable to create Visual Studio setup instance: 80040154
[2022.10.11-02.46.35:682][  0]LogVSAccessor: Display: Unable to create Visual Studio setup instance: 80040154
[2022.10.11-02.46.35:683][  0]LogVSAccessor: Display: Unable to create Visual Studio setup instance: 80040154
[2022.10.11-02.46.35:910][  0]LogOpenImageDenoise: OIDN starting up
[2022.10.11-02.46.35:988][  0]LogAndroidPermission: UAndroidPermissionCallbackProxy::GetInstance
[2022.10.11-02.46.36:032][  0]LogAudioCaptureCore: Display: No Audio Capture implementations found. Audio input will be silent.
[2022.10.11-02.46.36:032][  0]LogAudioCaptureCore: Display: No Audio Capture implementations found. Audio input will be silent.
[2022.10.11-02.46.36:223][  0]LogCollectionManager: Loaded 0 collections in 0.002222 seconds
[2022.10.11-02.46.36:256][  0]LogFileCache: Scanning file cache for directory 'C:/Users/alvin/Documents/Unreal Projects/MP2/Saved/Collections/' took 0.00s
[2022.10.11-02.46.36:256][  0]LogFileCache: Scanning file cache for directory 'C:/Users/alvin/Documents/Unreal Projects/MP2/Content/Developers/alvin/Collections/' took 0.00s
[2022.10.11-02.46.36:256][  0]LogFileCache: Scanning file cache for directory 'C:/Users/alvin/Documents/Unreal Projects/MP2/Content/Collections/' took 0.00s
[2022.10.11-02.46.36:256][  0]LogOcInput: OculusInput pre-init called
[2022.10.11-02.46.36:564][  0]LogEngine: Initializing Engine...
[2022.10.11-02.46.36:566][  0]LogHMD: Failed to enumerate extensions. Please check that you have a valid OpenXR runtime installed.
[2022.10.11-02.46.36:567][  0]LogHMD: Failed to initialize OpenVR with code 110
[2022.10.11-02.46.36:567][  0]LogMagicLeap: Warning: VR disabled because ZI is not enabled.  To enable, in the editor, Edit -> Project Settings -> Plugins -> Magic Leap Plugin -> Enable Zero Iteration
[2022.10.11-02.46.36:568][  0]LogStats: UGameplayTagsManager::InitializeManager -  0.000 s
[2022.10.11-02.46.36:709][  0]LogInit: Initializing FReadOnlyCVARCache
[2022.10.11-02.46.36:719][  0]LogAIModule: Creating AISystem for world Untitled
[2022.10.11-02.46.36:723][  0]LogAudio: Display: Initializing Audio Device Manager...
[2022.10.11-02.46.36:730][  0]LogAudio: Display: Loading Default Audio Settings Objects...
[2022.10.11-02.46.36:731][  0]LogAudio: Display: No default SoundConcurrencyObject specified (or failed to load).
[2022.10.11-02.46.36:731][  0]LogAudio: Display: Audio Device Manager Initialized
[2022.10.11-02.46.36:731][  0]LogAudio: Display: Creating Audio Device:                 Id: 1, Scope: Shared, Realtime: True
[2022.10.11-02.46.36:732][  0]LogAudioMixer: Display: Audio Mixer Platform Settings:
[2022.10.11-02.46.36:732][  0]LogAudioMixer: Display: 	Sample Rate:						  48000
[2022.10.11-02.46.36:732][  0]LogAudioMixer: Display: 	Callback Buffer Frame Size Requested: 1024
[2022.10.11-02.46.36:732][  0]LogAudioMixer: Display: 	Callback Buffer Frame Size To Use:	  1024
[2022.10.11-02.46.36:732][  0]LogAudioMixer: Display: 	Number of buffers to queue:			  2
[2022.10.11-02.46.36:732][  0]LogAudioMixer: Display: 	Max Channels (voices):				  32
[2022.10.11-02.46.36:732][  0]LogAudioMixer: Display: 	Number of Async Source Workers:		  0
[2022.10.11-02.46.36:732][  0]LogAudio: Display: AudioDevice MaxSources: 32
[2022.10.11-02.46.36:732][  0]LogAudio: Display: Audio Spatialization Plugin: None (built-in).
[2022.10.11-02.46.36:732][  0]LogAudio: Display: Audio Reverb Plugin: None (built-in).
[2022.10.11-02.46.36:732][  0]LogAudio: Display: Audio Occlusion Plugin: None (built-in).
[2022.10.11-02.46.36:732][  0]LogAudioMixer: Display: Initializing audio mixer.
[2022.10.11-02.46.36:760][  0]LogAudioMixer: Display: 0: FrontLeft
[2022.10.11-02.46.36:760][  0]LogAudioMixer: Display: 1: FrontRight
[2022.10.11-02.46.36:785][  0]LogAudioMixer: Display: Using Audio Device Speakers / Headphones (Realtek Audio)
[2022.10.11-02.46.36:785][  0]LogAudioMixer: Display: Initializing Sound Submixes...
[2022.10.11-02.46.36:787][  0]LogAudioMixer: Display: Creating Master Submix 'MasterSubmixDefault'
[2022.10.11-02.46.36:788][  0]LogAudioMixer: Display: Creating Master Submix 'MasterReverbSubmixDefault'
[2022.10.11-02.46.36:788][  0]LogAudioMixer: Display: Creating Master Submix 'MasterEQSubmixDefault'
[2022.10.11-02.46.36:789][  0]LogAudioMixer: FMixerPlatformXAudio2::StartAudioStream() called
[2022.10.11-02.46.36:789][  0]LogAudioMixer: Display: Output buffers initialized: Frames=1024, Channels=2, Samples=2048
[2022.10.11-02.46.36:790][  0]LogAudioMixer: Display: Starting AudioMixerPlatformInterface::RunInternal()
[2022.10.11-02.46.36:790][  0]LogAudioMixer: Display: FMixerPlatformXAudio2::SubmitBuffer() called for the first time
[2022.10.11-02.46.36:790][  0]LogInit: FAudioDevice initialized.
[2022.10.11-02.46.36:790][  0]LogAudio: Display: Audio Device (ID: 1) registered with world 'Untitled'.
[2022.10.11-02.46.36:790][  0]LogNetVersion: Set ProjectVersion to 1.0.0.0. Version Checksum will be recalculated on next use.
[2022.10.11-02.46.36:852][  0]LogDerivedDataCache: Saved boot cache 0.06s 94MB C:/Users/alvin/AppData/Local/UnrealEngine/4.27/DerivedDataCache/Boot.ddc.
[2022.10.11-02.46.36:852][  0]LogInit: Texture streaming: Enabled
[2022.10.11-02.46.36:869][  0]LogAnalytics: Display: [UEEditor.Rocket.Release] APIServer = https://datarouter.ol.epicgames.com/. AppVersion = 4.27.2-18319896+++UE4+Release-4.27
[2022.10.11-02.46.36:874][  0]LogEngineSessionManager: EngineSessionManager initialized
[2022.10.11-02.46.36:874][  0]LogEditorSessionSummary: Verbose: Initializing EditorSessionSummaryWriter for editor session tracking
[2022.10.11-02.46.36:876][  0]LogEditorSessionSummary: EditorSessionSummaryWriter initialized
[2022.10.11-02.46.36:906][  0]LogInit: Transaction tracking system initialized
[2022.10.11-02.46.36:931][  0]BlueprintLog: New page: Editor Load
[2022.10.11-02.46.37:001][  0]LocalizationService: Localization service is disabled
[2022.10.11-02.46.37:030][  0]TimingProfiler: Initialize
[2022.10.11-02.46.37:030][  0]TimingProfiler: OnSessionChanged
[2022.10.11-02.46.37:030][  0]LoadingProfiler: Initialize
[2022.10.11-02.46.37:030][  0]LoadingProfiler: OnSessionChanged
[2022.10.11-02.46.37:030][  0]NetworkingProfiler: Initialize
[2022.10.11-02.46.37:030][  0]NetworkingProfiler: OnSessionChanged
[2022.10.11-02.46.37:030][  0]MemoryProfiler: Initialize
[2022.10.11-02.46.37:030][  0]MemoryProfiler: OnSessionChanged
[2022.10.11-02.46.37:101][  0]LogVSAccessor: Display: Unable to create Visual Studio setup instance: 80040154
[2022.10.11-02.46.37:102][  0]LogVSAccessor: Display: Unable to create Visual Studio setup instance: 80040154
[2022.10.11-02.46.37:104][  0]LogVSAccessor: Display: Unable to create Visual Studio setup instance: 80040154
[2022.10.11-02.46.37:231][  0]LogCook: Display: CookSettings for Memory: MemoryMaxUsedVirtual 0MiB, MemoryMaxUsedPhysical 16384MiB, MemoryMinFreeVirtual 0MiB, MemoryMinFreePhysical 1024MiB
[2022.10.11-02.46.37:231][  0]LogCook: Display: Mobile HDR setting 1
[2022.10.11-02.46.37:473][  0]LogFileCache: Scanning file cache for directory 'C:/Users/alvin/Documents/Unreal Projects/MP2/Content/' took 0.01s
[2022.10.11-02.46.37:716][  0]LogInit: Display: Engine is initialized. Leaving FEngineLoop::Init()
[2022.10.11-02.46.37:719][  0]SourceControl: Source control is disabled
[2022.10.11-02.46.37:719][  0]LogUnrealEdMisc: Loading editor; pre map load, took 8.574
[2022.10.11-02.46.37:719][  0]Cmd: MAP LOAD FILE="../../../../../../Users/alvin/Documents/Unreal Projects/MP2/Content/ThirdPersonBP/Maps/ThirdPersonExampleMap.umap" TEMPLATE=0 SHOWPROGRESS=1 FEATURELEVEL=3
[2022.10.11-02.46.37:720][  0]LightingResults: New page: Lighting Build
[2022.10.11-02.46.37:721][  0]LogWorld: UWorld::CleanupWorld for Untitled, bSessionEnded=true, bCleanupResources=true
[2022.10.11-02.46.37:721][  0]LogSlate: InvalidateAllWidgets triggered.  All widgets were invalidated
[2022.10.11-02.46.37:721][  0]MapCheck: New page: Map Check
[2022.10.11-02.46.37:721][  0]LightingResults: New page: Lighting Build
[2022.10.11-02.46.37:726][  0]LogAudio: Display: Audio Device unregistered from world 'None'.
[2022.10.11-02.46.37:729][  0]LogUObjectHash: Compacting FUObjectHashTables data took   0.96ms
[2022.10.11-02.46.38:422][  0]LogAudio: Display: Audio Device (ID: 1) registered with world 'ThirdPersonExampleMap'.
[2022.10.11-02.46.38:426][  0]LogAIModule: Creating AISystem for world ThirdPersonExampleMap
[2022.10.11-02.46.38:491][  0]LogEditorServer: Finished looking for orphan Actors (0.000 secs)
[2022.10.11-02.46.38:511][  0]LogUObjectHash: Compacting FUObjectHashTables data took   1.60ms
[2022.10.11-02.46.38:511][  0]Cmd: MAP CHECKDEP NOCLEARLOG
[2022.10.11-02.46.38:512][  0]MapCheck: Map check complete: 0 Error(s), 0 Warning(s), took 0.19ms to complete.
[2022.10.11-02.46.38:512][  0]LogFileHelpers: Loading map 'ThirdPersonExampleMap' took 0.793
[2022.10.11-02.46.38:515][  0]LogUnrealEdMisc: Total Editor Startup Time, took 9.370
[2022.10.11-02.46.38:668][  0]LogSlate: Updating window title bar state: overlay mode, drag disabled, window buttons hidden, title bar hidden
[2022.10.11-02.46.38:677][  0]LogSlate: Updating window title bar state: overlay mode, drag disabled, window buttons hidden, title bar hidden
[2022.10.11-02.46.38:689][  0]LogSlate: Updating window title bar state: overlay mode, drag disabled, window buttons hidden, title bar hidden
[2022.10.11-02.46.38:698][  0]LogSlate: Updating window title bar state: overlay mode, drag disabled, window buttons hidden, title bar hidden
[2022.10.11-02.46.38:715][  0]LogNativeClassHierarchy: Verbose: Native class hierarchy populated in 0.0113 seconds. Added 3822 classes and 928 folders.
[2022.10.11-02.46.38:719][  0]LogNativeClassHierarchy: Verbose: Native class hierarchy updated for 'WidgetCarousel' in 0.0005 seconds. Added 0 classes and 0 folders.
[2022.10.11-02.46.38:720][  0]LogPakFile: PakFile PrimaryIndexSize=187
[2022.10.11-02.46.38:720][  0]LogPakFile: PakFile PathHashIndexSize=101
[2022.10.11-02.46.38:720][  0]LogPakFile: PakFile FullDirectoryIndexSize=148
[2022.10.11-02.46.38:721][  0]LogShaderLibrary: Display: ShaderCodeLibraryPakFileMountedCallback: PakFile 'C:/Program Files/Epic Games/UE_4.27/FeaturePacks/FP_FirstPerson.upack' (chunk index -1, root 'root:/') mounted
[2022.10.11-02.46.38:721][  0]LogShaderLibrary: Display: ShaderCodeLibraryPakFileMountedCallback: pending pak file info (ChunkID:-1 Root:root:/ File:C:/Program Files/Epic Games/UE_4.27/FeaturePacks/FP_FirstPerson.upack)
[2022.10.11-02.46.38:721][  0]LogPakFile: OnPakFileMounted2Time == 0.000067
[2022.10.11-02.46.38:722][  0]LogPakFile: PakFile PrimaryIndexSize=189
[2022.10.11-02.46.38:722][  0]LogPakFile: PakFile PathHashIndexSize=101
[2022.10.11-02.46.38:722][  0]LogPakFile: PakFile FullDirectoryIndexSize=152
[2022.10.11-02.46.38:722][  0]LogShaderLibrary: Display: ShaderCodeLibraryPakFileMountedCallback: PakFile 'C:/Program Files/Epic Games/UE_4.27/FeaturePacks/FP_FirstPersonBP.upack' (chunk index -1, root 'root:/') mounted
[2022.10.11-02.46.38:722][  0]LogShaderLibrary: Display: ShaderCodeLibraryPakFileMountedCallback: pending pak file info (ChunkID:-1 Root:root:/ File:C:/Program Files/Epic Games/UE_4.27/FeaturePacks/FP_FirstPersonBP.upack)
[2022.10.11-02.46.38:722][  0]LogPakFile: OnPakFileMounted2Time == 0.000112
[2022.10.11-02.46.38:723][  0]LogPakFile: PakFile PrimaryIndexSize=191
[2022.10.11-02.46.38:723][  0]LogPakFile: PakFile PathHashIndexSize=101
[2022.10.11-02.46.38:723][  0]LogPakFile: PakFile FullDirectoryIndexSize=160
[2022.10.11-02.46.38:723][  0]LogShaderLibrary: Display: ShaderCodeLibraryPakFileMountedCallback: PakFile 'C:/Program Files/Epic Games/UE_4.27/FeaturePacks/MobileStarterContent.upack' (chunk index -1, root 'root:/') mounted
[2022.10.11-02.46.38:723][  0]LogShaderLibrary: Display: ShaderCodeLibraryPakFileMountedCallback: pending pak file info (ChunkID:-1 Root:root:/ File:C:/Program Files/Epic Games/UE_4.27/FeaturePacks/MobileStarterContent.upack)
[2022.10.11-02.46.38:723][  0]LogPakFile: OnPakFileMounted2Time == 0.000081
[2022.10.11-02.46.38:724][  0]LogPakFile: PakFile PrimaryIndexSize=185
[2022.10.11-02.46.38:724][  0]LogPakFile: PakFile PathHashIndexSize=101
[2022.10.11-02.46.38:724][  0]LogPakFile: PakFile FullDirectoryIndexSize=148
[2022.10.11-02.46.38:724][  0]LogShaderLibrary: Display: ShaderCodeLibraryPakFileMountedCallback: PakFile 'C:/Program Files/Epic Games/UE_4.27/FeaturePacks/StarterContent.upack' (chunk index -1, root 'root:/') mounted
[2022.10.11-02.46.38:724][  0]LogShaderLibrary: Display: ShaderCodeLibraryPakFileMountedCallback: pending pak file info (ChunkID:-1 Root:root:/ File:C:/Program Files/Epic Games/UE_4.27/FeaturePacks/StarterContent.upack)
[2022.10.11-02.46.38:724][  0]LogPakFile: OnPakFileMounted2Time == 0.000081
[2022.10.11-02.46.38:725][  0]LogPakFile: PakFile PrimaryIndexSize=190
[2022.10.11-02.46.38:725][  0]LogPakFile: PakFile PathHashIndexSize=101
[2022.10.11-02.46.38:725][  0]LogPakFile: PakFile FullDirectoryIndexSize=154
[2022.10.11-02.46.38:725][  0]LogShaderLibrary: Display: ShaderCodeLibraryPakFileMountedCallback: PakFile 'C:/Program Files/Epic Games/UE_4.27/FeaturePacks/TP_2DSideScroller.upack' (chunk index -1, root 'root:/') mounted
[2022.10.11-02.46.38:725][  0]LogShaderLibrary: Display: ShaderCodeLibraryPakFileMountedCallback: pending pak file info (ChunkID:-1 Root:root:/ File:C:/Program Files/Epic Games/UE_4.27/FeaturePacks/TP_2DSideScroller.upack)
[2022.10.11-02.46.38:725][  0]LogPakFile: OnPakFileMounted2Time == 0.000063
[2022.10.11-02.46.38:726][  0]LogPakFile: PakFile PrimaryIndexSize=192
[2022.10.11-02.46.38:726][  0]LogPakFile: PakFile PathHashIndexSize=101
[2022.10.11-02.46.38:726][  0]LogPakFile: PakFile FullDirectoryIndexSize=158
[2022.10.11-02.46.38:726][  0]LogShaderLibrary: Display: ShaderCodeLibraryPakFileMountedCallback: PakFile 'C:/Program Files/Epic Games/UE_4.27/FeaturePacks/TP_2DSideScrollerBP.upack' (chunk index -1, root 'root:/') mounted
[2022.10.11-02.46.38:726][  0]LogShaderLibrary: Display: ShaderCodeLibraryPakFileMountedCallback: pending pak file info (ChunkID:-1 Root:root:/ File:C:/Program Files/Epic Games/UE_4.27/FeaturePacks/TP_2DSideScrollerBP.upack)
[2022.10.11-02.46.38:726][  0]LogPakFile: OnPakFileMounted2Time == 0.000043
[2022.10.11-02.46.38:727][  0]LogPakFile: PakFile PrimaryIndexSize=182
[2022.10.11-02.46.38:727][  0]LogPakFile: PakFile PathHashIndexSize=101
[2022.10.11-02.46.38:727][  0]LogPakFile: PakFile FullDirectoryIndexSize=138
[2022.10.11-02.46.38:727][  0]LogShaderLibrary: Display: ShaderCodeLibraryPakFileMountedCallback: PakFile 'C:/Program Files/Epic Games/UE_4.27/FeaturePacks/TP_Flying.upack' (chunk index -1, root 'root:/') mounted
[2022.10.11-02.46.38:727][  0]LogShaderLibrary: Display: ShaderCodeLibraryPakFileMountedCallback: pending pak file info (ChunkID:-1 Root:root:/ File:C:/Program Files/Epic Games/UE_4.27/FeaturePacks/TP_Flying.upack)
[2022.10.11-02.46.38:727][  0]LogPakFile: OnPakFileMounted2Time == 0.000040
[2022.10.11-02.46.38:727][  0]LogPakFile: PakFile PrimaryIndexSize=184
[2022.10.11-02.46.38:727][  0]LogPakFile: PakFile PathHashIndexSize=101
[2022.10.11-02.46.38:727][  0]LogPakFile: PakFile FullDirectoryIndexSize=142
[2022.10.11-02.46.38:727][  0]LogShaderLibrary: Display: ShaderCodeLibraryPakFileMountedCallback: PakFile 'C:/Program Files/Epic Games/UE_4.27/FeaturePacks/TP_FlyingBP.upack' (chunk index -1, root 'root:/') mounted
[2022.10.11-02.46.38:727][  0]LogShaderLibrary: Display: ShaderCodeLibraryPakFileMountedCallback: pending pak file info (ChunkID:-1 Root:root:/ File:C:/Program Files/Epic Games/UE_4.27/FeaturePacks/TP_FlyingBP.upack)
[2022.10.11-02.46.38:727][  0]LogPakFile: OnPakFileMounted2Time == 0.000039
[2022.10.11-02.46.38:728][  0]LogPakFile: PakFile PrimaryIndexSize=188
[2022.10.11-02.46.38:728][  0]LogPakFile: PakFile PathHashIndexSize=101
[2022.10.11-02.46.38:728][  0]LogPakFile: PakFile FullDirectoryIndexSize=150
[2022.10.11-02.46.38:728][  0]LogShaderLibrary: Display: ShaderCodeLibraryPakFileMountedCallback: PakFile 'C:/Program Files/Epic Games/UE_4.27/FeaturePacks/TP_HandheldARBP.upack' (chunk index -1, root 'root:/') mounted
[2022.10.11-02.46.38:728][  0]LogShaderLibrary: Display: ShaderCodeLibraryPakFileMountedCallback: pending pak file info (ChunkID:-1 Root:root:/ File:C:/Program Files/Epic Games/UE_4.27/FeaturePacks/TP_HandheldARBP.upack)
[2022.10.11-02.46.38:728][  0]LogPakFile: OnPakFileMounted2Time == 0.000067
[2022.10.11-02.46.38:729][  0]LogPakFile: PakFile PrimaryIndexSize=182
[2022.10.11-02.46.38:729][  0]LogPakFile: PakFile PathHashIndexSize=101
[2022.10.11-02.46.38:729][  0]LogPakFile: PakFile FullDirectoryIndexSize=138
[2022.10.11-02.46.38:729][  0]LogShaderLibrary: Display: ShaderCodeLibraryPakFileMountedCallback: PakFile 'C:/Program Files/Epic Games/UE_4.27/FeaturePacks/TP_Puzzle.upack' (chunk index -1, root 'root:/') mounted
[2022.10.11-02.46.38:729][  0]LogShaderLibrary: Display: ShaderCodeLibraryPakFileMountedCallback: pending pak file info (ChunkID:-1 Root:root:/ File:C:/Program Files/Epic Games/UE_4.27/FeaturePacks/TP_Puzzle.upack)
[2022.10.11-02.46.38:729][  0]LogPakFile: OnPakFileMounted2Time == 0.000049
[2022.10.11-02.46.38:730][  0]LogPakFile: PakFile PrimaryIndexSize=184
[2022.10.11-02.46.38:730][  0]LogPakFile: PakFile PathHashIndexSize=101
[2022.10.11-02.46.38:730][  0]LogPakFile: PakFile FullDirectoryIndexSize=142
[2022.10.11-02.46.38:730][  0]LogShaderLibrary: Display: ShaderCodeLibraryPakFileMountedCallback: PakFile 'C:/Program Files/Epic Games/UE_4.27/FeaturePacks/TP_PuzzleBP.upack' (chunk index -1, root 'root:/') mounted
[2022.10.11-02.46.38:730][  0]LogShaderLibrary: Display: ShaderCodeLibraryPakFileMountedCallback: pending pak file info (ChunkID:-1 Root:root:/ File:C:/Program Files/Epic Games/UE_4.27/FeaturePacks/TP_PuzzleBP.upack)
[2022.10.11-02.46.38:730][  0]LogPakFile: OnPakFileMounted2Time == 0.000088
[2022.10.11-02.46.38:731][  0]LogPakFile: PakFile PrimaryIndexSize=183
[2022.10.11-02.46.38:731][  0]LogPakFile: PakFile PathHashIndexSize=101
[2022.10.11-02.46.38:731][  0]LogPakFile: PakFile FullDirectoryIndexSize=140
[2022.10.11-02.46.38:731][  0]LogShaderLibrary: Display: ShaderCodeLibraryPakFileMountedCallback: PakFile 'C:/Program Files/Epic Games/UE_4.27/FeaturePacks/TP_Rolling.upack' (chunk index -1, root 'root:/') mounted
[2022.10.11-02.46.38:731][  0]LogShaderLibrary: Display: ShaderCodeLibraryPakFileMountedCallback: pending pak file info (ChunkID:-1 Root:root:/ File:C:/Program Files/Epic Games/UE_4.27/FeaturePacks/TP_Rolling.upack)
[2022.10.11-02.46.38:731][  0]LogPakFile: OnPakFileMounted2Time == 0.000085
[2022.10.11-02.46.38:732][  0]LogPakFile: PakFile PrimaryIndexSize=185
[2022.10.11-02.46.38:732][  0]LogPakFile: PakFile PathHashIndexSize=101
[2022.10.11-02.46.38:732][  0]LogPakFile: PakFile FullDirectoryIndexSize=144
[2022.10.11-02.46.38:732][  0]LogShaderLibrary: Display: ShaderCodeLibraryPakFileMountedCallback: PakFile 'C:/Program Files/Epic Games/UE_4.27/FeaturePacks/TP_RollingBP.upack' (chunk index -1, root 'root:/') mounted
[2022.10.11-02.46.38:732][  0]LogShaderLibrary: Display: ShaderCodeLibraryPakFileMountedCallback: pending pak file info (ChunkID:-1 Root:root:/ File:C:/Program Files/Epic Games/UE_4.27/FeaturePacks/TP_RollingBP.upack)
[2022.10.11-02.46.38:732][  0]LogPakFile: OnPakFileMounted2Time == 0.000082
[2022.10.11-02.46.38:733][  0]LogPakFile: PakFile PrimaryIndexSize=188
[2022.10.11-02.46.38:733][  0]LogPakFile: PakFile PathHashIndexSize=101
[2022.10.11-02.46.38:733][  0]LogPakFile: PakFile FullDirectoryIndexSize=150
[2022.10.11-02.46.38:733][  0]LogShaderLibrary: Display: ShaderCodeLibraryPakFileMountedCallback: PakFile 'C:/Program Files/Epic Games/UE_4.27/FeaturePacks/TP_SideScroller.upack' (chunk index -1, root 'root:/') mounted
[2022.10.11-02.46.38:733][  0]LogShaderLibrary: Display: ShaderCodeLibraryPakFileMountedCallback: pending pak file info (ChunkID:-1 Root:root:/ File:C:/Program Files/Epic Games/UE_4.27/FeaturePacks/TP_SideScroller.upack)
[2022.10.11-02.46.38:733][  0]LogPakFile: OnPakFileMounted2Time == 0.000065
[2022.10.11-02.46.38:734][  0]LogPakFile: PakFile PrimaryIndexSize=190
[2022.10.11-02.46.38:734][  0]LogPakFile: PakFile PathHashIndexSize=101
[2022.10.11-02.46.38:734][  0]LogPakFile: PakFile FullDirectoryIndexSize=154
[2022.10.11-02.46.38:734][  0]LogShaderLibrary: Display: ShaderCodeLibraryPakFileMountedCallback: PakFile 'C:/Program Files/Epic Games/UE_4.27/FeaturePacks/TP_SideScrollerBP.upack' (chunk index -1, root 'root:/') mounted
[2022.10.11-02.46.38:734][  0]LogShaderLibrary: Display: ShaderCodeLibraryPakFileMountedCallback: pending pak file info (ChunkID:-1 Root:root:/ File:C:/Program Files/Epic Games/UE_4.27/FeaturePacks/TP_SideScrollerBP.upack)
[2022.10.11-02.46.38:734][  0]LogPakFile: OnPakFileMounted2Time == 0.000059
[2022.10.11-02.46.38:735][  0]LogPakFile: PakFile PrimaryIndexSize=187
[2022.10.11-02.46.38:735][  0]LogPakFile: PakFile PathHashIndexSize=101
[2022.10.11-02.46.38:735][  0]LogPakFile: PakFile FullDirectoryIndexSize=148
[2022.10.11-02.46.38:735][  0]LogShaderLibrary: Display: ShaderCodeLibraryPakFileMountedCallback: PakFile 'C:/Program Files/Epic Games/UE_4.27/FeaturePacks/TP_ThirdPerson.upack' (chunk index -1, root 'root:/') mounted
[2022.10.11-02.46.38:735][  0]LogShaderLibrary: Display: ShaderCodeLibraryPakFileMountedCallback: pending pak file info (ChunkID:-1 Root:root:/ File:C:/Program Files/Epic Games/UE_4.27/FeaturePacks/TP_ThirdPerson.upack)
[2022.10.11-02.46.38:735][  0]LogPakFile: OnPakFileMounted2Time == 0.000056
[2022.10.11-02.46.38:735][  0]LogPakFile: PakFile PrimaryIndexSize=189
[2022.10.11-02.46.38:735][  0]LogPakFile: PakFile PathHashIndexSize=101
[2022.10.11-02.46.38:735][  0]LogPakFile: PakFile FullDirectoryIndexSize=152
[2022.10.11-02.46.38:735][  0]LogShaderLibrary: Display: ShaderCodeLibraryPakFileMountedCallback: PakFile 'C:/Program Files/Epic Games/UE_4.27/FeaturePacks/TP_ThirdPersonBP.upack' (chunk index -1, root 'root:/') mounted
[2022.10.11-02.46.38:735][  0]LogShaderLibrary: Display: ShaderCodeLibraryPakFileMountedCallback: pending pak file info (ChunkID:-1 Root:root:/ File:C:/Program Files/Epic Games/UE_4.27/FeaturePacks/TP_ThirdPersonBP.upack)
[2022.10.11-02.46.38:735][  0]LogPakFile: OnPakFileMounted2Time == 0.000038
[2022.10.11-02.46.38:736][  0]LogPakFile: PakFile PrimaryIndexSize=183
[2022.10.11-02.46.38:736][  0]LogPakFile: PakFile PathHashIndexSize=101
[2022.10.11-02.46.38:736][  0]LogPakFile: PakFile FullDirectoryIndexSize=140
[2022.10.11-02.46.38:736][  0]LogShaderLibrary: Display: ShaderCodeLibraryPakFileMountedCallback: PakFile 'C:/Program Files/Epic Games/UE_4.27/FeaturePacks/TP_TopDown.upack' (chunk index -1, root 'root:/') mounted
[2022.10.11-02.46.38:736][  0]LogShaderLibrary: Display: ShaderCodeLibraryPakFileMountedCallback: pending pak file info (ChunkID:-1 Root:root:/ File:C:/Program Files/Epic Games/UE_4.27/FeaturePacks/TP_TopDown.upack)
[2022.10.11-02.46.38:736][  0]LogPakFile: OnPakFileMounted2Time == 0.000048
[2022.10.11-02.46.38:737][  0]LogPakFile: PakFile PrimaryIndexSize=185
[2022.10.11-02.46.38:737][  0]LogPakFile: PakFile PathHashIndexSize=101
[2022.10.11-02.46.38:737][  0]LogPakFile: PakFile FullDirectoryIndexSize=144
[2022.10.11-02.46.38:737][  0]LogShaderLibrary: Display: ShaderCodeLibraryPakFileMountedCallback: PakFile 'C:/Program Files/Epic Games/UE_4.27/FeaturePacks/TP_TopDownBP.upack' (chunk index -1, root 'root:/') mounted
[2022.10.11-02.46.38:737][  0]LogShaderLibrary: Display: ShaderCodeLibraryPakFileMountedCallback: pending pak file info (ChunkID:-1 Root:root:/ File:C:/Program Files/Epic Games/UE_4.27/FeaturePacks/TP_TopDownBP.upack)
[2022.10.11-02.46.38:737][  0]LogPakFile: OnPakFileMounted2Time == 0.000040
[2022.10.11-02.46.38:737][  0]LogPakFile: PakFile PrimaryIndexSize=185
[2022.10.11-02.46.38:737][  0]LogPakFile: PakFile PathHashIndexSize=101
[2022.10.11-02.46.38:737][  0]LogPakFile: PakFile FullDirectoryIndexSize=144
[2022.10.11-02.46.38:737][  0]LogShaderLibrary: Display: ShaderCodeLibraryPakFileMountedCallback: PakFile 'C:/Program Files/Epic Games/UE_4.27/FeaturePacks/TP_TwinStick.upack' (chunk index -1, root 'root:/') mounted
[2022.10.11-02.46.38:737][  0]LogShaderLibrary: Display: ShaderCodeLibraryPakFileMountedCallback: pending pak file info (ChunkID:-1 Root:root:/ File:C:/Program Files/Epic Games/UE_4.27/FeaturePacks/TP_TwinStick.upack)
[2022.10.11-02.46.38:737][  0]LogPakFile: OnPakFileMounted2Time == 0.000041
[2022.10.11-02.46.38:738][  0]LogPakFile: PakFile PrimaryIndexSize=187
[2022.10.11-02.46.38:738][  0]LogPakFile: PakFile PathHashIndexSize=101
[2022.10.11-02.46.38:738][  0]LogPakFile: PakFile FullDirectoryIndexSize=148
[2022.10.11-02.46.38:738][  0]LogShaderLibrary: Display: ShaderCodeLibraryPakFileMountedCallback: PakFile 'C:/Program Files/Epic Games/UE_4.27/FeaturePacks/TP_TwinStickBP.upack' (chunk index -1, root 'root:/') mounted
[2022.10.11-02.46.38:738][  0]LogShaderLibrary: Display: ShaderCodeLibraryPakFileMountedCallback: pending pak file info (ChunkID:-1 Root:root:/ File:C:/Program Files/Epic Games/UE_4.27/FeaturePacks/TP_TwinStickBP.upack)
[2022.10.11-02.46.38:738][  0]LogPakFile: OnPakFileMounted2Time == 0.000041
[2022.10.11-02.46.38:739][  0]LogPakFile: PakFile PrimaryIndexSize=183
[2022.10.11-02.46.38:739][  0]LogPakFile: PakFile PathHashIndexSize=101
[2022.10.11-02.46.38:739][  0]LogPakFile: PakFile FullDirectoryIndexSize=140
[2022.10.11-02.46.38:739][  0]LogShaderLibrary: Display: ShaderCodeLibraryPakFileMountedCallback: PakFile 'C:/Program Files/Epic Games/UE_4.27/FeaturePacks/TP_Vehicle.upack' (chunk index -1, root 'root:/') mounted
[2022.10.11-02.46.38:739][  0]LogShaderLibrary: Display: ShaderCodeLibraryPakFileMountedCallback: pending pak file info (ChunkID:-1 Root:root:/ File:C:/Program Files/Epic Games/UE_4.27/FeaturePacks/TP_Vehicle.upack)
[2022.10.11-02.46.38:739][  0]LogPakFile: OnPakFileMounted2Time == 0.000042
[2022.10.11-02.46.38:740][  0]LogPakFile: PakFile PrimaryIndexSize=186
[2022.10.11-02.46.38:740][  0]LogPakFile: PakFile PathHashIndexSize=101
[2022.10.11-02.46.38:740][  0]LogPakFile: PakFile FullDirectoryIndexSize=146
[2022.10.11-02.46.38:740][  0]LogShaderLibrary: Display: ShaderCodeLibraryPakFileMountedCallback: PakFile 'C:/Program Files/Epic Games/UE_4.27/FeaturePacks/TP_VehicleAdv.upack' (chunk index -1, root 'root:/') mounted
[2022.10.11-02.46.38:740][  0]LogShaderLibrary: Display: ShaderCodeLibraryPakFileMountedCallback: pending pak file info (ChunkID:-1 Root:root:/ File:C:/Program Files/Epic Games/UE_4.27/FeaturePacks/TP_VehicleAdv.upack)
[2022.10.11-02.46.38:740][  0]LogPakFile: OnPakFileMounted2Time == 0.000089
[2022.10.11-02.46.38:741][  0]LogPakFile: PakFile PrimaryIndexSize=188
[2022.10.11-02.46.38:741][  0]LogPakFile: PakFile PathHashIndexSize=101
[2022.10.11-02.46.38:741][  0]LogPakFile: PakFile FullDirectoryIndexSize=150
[2022.10.11-02.46.38:741][  0]LogShaderLibrary: Display: ShaderCodeLibraryPakFileMountedCallback: PakFile 'C:/Program Files/Epic Games/UE_4.27/FeaturePacks/TP_VehicleAdvBP.upack' (chunk index -1, root 'root:/') mounted
[2022.10.11-02.46.38:741][  0]LogShaderLibrary: Display: ShaderCodeLibraryPakFileMountedCallback: pending pak file info (ChunkID:-1 Root:root:/ File:C:/Program Files/Epic Games/UE_4.27/FeaturePacks/TP_VehicleAdvBP.upack)
[2022.10.11-02.46.38:741][  0]LogPakFile: OnPakFileMounted2Time == 0.000045
[2022.10.11-02.46.38:742][  0]LogPakFile: PakFile PrimaryIndexSize=185
[2022.10.11-02.46.38:742][  0]LogPakFile: PakFile PathHashIndexSize=101
[2022.10.11-02.46.38:742][  0]LogPakFile: PakFile FullDirectoryIndexSize=144
[2022.10.11-02.46.38:742][  0]LogShaderLibrary: Display: ShaderCodeLibraryPakFileMountedCallback: PakFile 'C:/Program Files/Epic Games/UE_4.27/FeaturePacks/TP_VehicleBP.upack' (chunk index -1, root 'root:/') mounted
[2022.10.11-02.46.38:742][  0]LogShaderLibrary: Display: ShaderCodeLibraryPakFileMountedCallback: pending pak file info (ChunkID:-1 Root:root:/ File:C:/Program Files/Epic Games/UE_4.27/FeaturePacks/TP_VehicleBP.upack)
[2022.10.11-02.46.38:742][  0]LogPakFile: OnPakFileMounted2Time == 0.000046
[2022.10.11-02.46.38:743][  0]LogPakFile: PakFile PrimaryIndexSize=192
[2022.10.11-02.46.38:743][  0]LogPakFile: PakFile PathHashIndexSize=101
[2022.10.11-02.46.38:743][  0]LogPakFile: PakFile FullDirectoryIndexSize=158
[2022.10.11-02.46.38:743][  0]LogShaderLibrary: Display: ShaderCodeLibraryPakFileMountedCallback: PakFile 'C:/Program Files/Epic Games/UE_4.27/FeaturePacks/TP_VirtualRealityBP.upack' (chunk index -1, root 'root:/') mounted
[2022.10.11-02.46.38:743][  0]LogShaderLibrary: Display: ShaderCodeLibraryPakFileMountedCallback: pending pak file info (ChunkID:-1 Root:root:/ File:C:/Program Files/Epic Games/UE_4.27/FeaturePacks/TP_VirtualRealityBP.upack)
[2022.10.11-02.46.38:744][  0]LogPakFile: OnPakFileMounted2Time == 0.000092
[2022.10.11-02.46.38:804][  0]LogNativeClassHierarchy: Verbose: Native class hierarchy updated for 'AddContentDialog' in 0.0003 seconds. Added 0 classes and 0 folders.
[2022.10.11-02.46.38:805][  0]LogNativeClassHierarchy: Verbose: Native class hierarchy updated for 'SceneOutliner' in 0.0003 seconds. Added 2 classes and 0 folders.
[2022.10.11-02.46.38:901][  0]LogSlate: Took 0.000212 seconds to synchronously load lazily loaded font '../../../Engine/Content/Slate/Fonts/Roboto-Regular.ttf' (155K)
[2022.10.11-02.46.38:903][  0]LogSlate: Took 0.000351 seconds to synchronously load lazily loaded font '../../../Engine/Content/Editor/Slate/Fonts/FontAwesome.ttf' (139K)
[2022.10.11-02.46.38:906][  0]LogSlate: Took 0.000250 seconds to synchronously load lazily loaded font '../../../Engine/Content/Slate/Fonts/Roboto-Bold.ttf' (160K)
[2022.10.11-02.46.39:098][  0]LogRenderer: Reallocating scene render targets to support 960x524 Format 10 NumSamples 1 (Frame:1).
[2022.10.11-02.46.39:298][  0]LogNativeClassHierarchy: Verbose: Native class hierarchy updated for 'HierarchicalLODOutliner' in 0.0007 seconds. Added 0 classes and 0 folders.
[2022.10.11-02.46.39:298][  0]LogInput: Warning: Action Jump uses invalid key OculusGo_Left_Trigger_Click.
[2022.10.11-02.46.39:298][  0]LogInput: Warning: Action ResetVR uses invalid key OculusGo_Left_Trackpad_Click.
[2022.10.11-02.46.39:298][  0]LogInput: Warning: Use -RemoveInvalidKeys to remove instances of these keys from the action mapping.
[2022.10.11-02.46.39:298][  0]LogLoad: (Engine Initialization) Total time: 10.15 seconds
[2022.10.11-02.46.39:298][  0]LogLoad: (Engine Initialization) Total Blueprint compile time: 0.00 seconds
[2022.10.11-02.46.39:544][  0]LogAssetRegistry: Asset discovery search completed in 6.2661 seconds
[2022.10.11-02.46.39:550][  0]LogCollectionManager: Fixed up redirectors for 0 collections in 0.000004 seconds (updated 0 objects)
[2022.10.11-02.46.39:551][  0]LogContentStreaming: Texture pool size now 1000 MB
[2022.10.11-02.46.46:933][366]LogSlate: Took 0.000203 seconds to synchronously load lazily loaded font '../../../Engine/Content/Slate/Fonts/Roboto-Light.ttf' (167K)
[2022.10.11-02.46.46:961][366]LogAssetEditorSubsystem: Opening Asset editor for Blueprint /Game/ThirdPersonBP/Blueprints/ThirdPersonCharacter.ThirdPersonCharacter
[2022.10.11-02.46.47:199][366]LogNativeClassHierarchy: Verbose: Native class hierarchy updated for 'BlueprintGraph' in 0.0006 seconds. Added 126 classes and 0 folders.
[2022.10.11-02.46.48:150][366]LogSlate: Took 0.000232 seconds to synchronously load lazily loaded font '../../../Engine/Content/Slate/Fonts/Roboto-BoldCondensed.ttf' (158K)
[2022.10.11-02.46.48:355][367]LogSlate: Took 0.000163 seconds to synchronously load lazily loaded font '../../../Engine/Content/Slate/Fonts/Roboto-Italic.ttf' (157K)
[2022.10.11-02.46.52:836][543]LogSavePackage: Moving '../../../../../../Users/alvin/Documents/Unreal Projects/MP2/Saved/ThirdPersonCharacter675F3B57458F26AD5075CFB449A27C49.tmp' to '../../../../../../Users/alvin/Documents/Unreal Projects/MP2/Content/ThirdPersonBP/Blueprints/ThirdPersonCharacter.uasset'
[2022.10.11-02.46.52:859][543]AssetCheck: New page: Asset Save: ThirdPersonCharacter
[2022.10.11-02.46.52:859][543]LogContentValidation: Display: Validating Blueprint /Game/ThirdPersonBP/Blueprints/ThirdPersonCharacter.ThirdPersonCharacter
[2022.10.11-02.46.55:592][640]LogUObjectHash: Compacting FUObjectHashTables data took   2.45ms
[2022.10.11-02.46.56:985][700]LogSlate: Window 'ThirdPersonCharacter' being destroyed
[2022.10.11-02.46.56:992][700]LogSlate: Window 'ThirdPersonCharacter' being destroyed
[2022.10.11-02.46.56:998][700]LogWorld: UWorld::CleanupWorld for World_7, bSessionEnded=true, bCleanupResources=true
[2022.10.11-02.46.56:998][700]LogSlate: InvalidateAllWidgets triggered.  All widgets were invalidated
